* 11.2.26
Try with ~-XX:+PrintAdapterHandlers -XX:+PrintStubCode~ you get the code:

Try add ~-XX:+PrintAdapterHandlers~:
#+begin_src lldb
AHE@0x00000009694ee6d0: {has_ro_adapter, {*metadata*, 0}, {object, 0}, {int, 108}, {long, 16}, {void, 16}, {short, 94}, {object, 96}, {array, 100}, {*metadata*, 24}, {int, 40}, {byte, 44}, {*metadata*, 24}, {double, 24}, {void, 24}, {long, 32}, {void, 32}, {void, 40}, {void, 48}, {*metadata*, 48}, {int, 64}, {byte, 68}, {*metadata*, 48}, {double, 48}, {void, 48}, {long, 56}, {void, 56}, {void, 64}, {void, 72}, {object, 104}, {*metadata*, 72}, {int, 88}, {byte, 92}, {*metadata*, 72}, {double, 72}, {void, 72}, {long, 80}, {void, 80}, {void, 88}, {void, 96}, {int, 112}, {void, 120}} i2c: 0x0000000104c79140 c2i: 0x0000000104c793c4 c2iVE: 0x0000000104c798c0 c2iVROE: 0x0000000104c791a0 c2iUE: 0x0000000104c7916c c2iUVE: 0x0000000104c7988c c2iNCI: 0x0000000104c79900
i2c argument handler for:  {has_ro_adapter, {*metadata*, 0}, {object, 0}, {int, 108}, {long, 16}, {void, 16}, {short, 94}, {object, 96}, {array, 100}, {*metadata*, 24}, {int, 40}, {byte, 44}, {*metadata*, 24}, {double, 24}, {void, 24}, {long, 32}, {void, 32}, {void, 40}, {void, 48}, {*metadata*, 48}, {int, 64}, {byte, 68}, {*metadata*, 48}, {double, 48}, {void, 48}, {long, 56}, {void, 56}, {void, 64}, {void, 72}, {object, 104}, {*metadata*, 72}, {int, 88}, {byte, 92}, {*metadata*, 72}, {double, 72}, {void, 72}, {long, 80}, {void, 80}, {void, 88}, {void, 96}, {int, 112}, {void, 120}} (2536 bytes generated)
c2i argument handler starts at 0x0000000104c793c4

Process 74898 stopped
 thread #3, stop reason = signal SIGSEGV
    frame #0: 0x0000000104c7974c
->  0x104c7974c: ldr    w11, [x9, #0x10]
    0x104c79750: cbz    x11, 0x104c79758
    0x104c79754: add    x11, x27, x11, lsl #3
    0x104c79758: str    w2, [x11, #0x6c]
Target 0: (java) stopped.
(lldb) expr (void)findpc(0x104c7974c)

"Executing findpc"
0x0000000104c7974c is at code_begin+1548 in an AdapterHandler
Adapter for signature: AHE@0x00000009694ee6d0: {has_ro_adapter, {*metadata*, 0}, {object, 0}, {int, 108}, {long, 16}, {void, 16}, {short, 94}, {object, 96}, {array, 100}, {*metadata*, 24}, {int, 40}, {byte, 44}, {*metadata*, 24}, {double, 24}, {void, 24}, {long, 32}, {void, 32}, {void, 40}, {void, 48}, {*metadata*, 48}, {int, 64}, {byte, 68}, {*metadata*, 48}, {double, 48}, {void, 48}, {long, 56}, {void, 56}, {void, 64}, {void, 72}, {object, 104}, {*metadata*, 72}, {int, 88}, {byte, 92}, {*metadata*, 72}, {double, 72}, {void, 72}, {long, 80}, {void, 80}, {void, 88}, {void, 96}, {int, 112}, {void, 120}} i2c: 0x0000000104c79140 c2i: 0x0000000104c793c4 c2iVE: 0x0000000104c798c0 c2iVROE: 0x0000000104c791a0 c2iUE: 0x0000000104c7916c c2iUVE: 0x0000000104c7988c c2iNCI: 0x0000000104c79900
(lldb) expr (void)pp(0x104c7974c)

"Executing pp"
0x0000000104c7974c in mmap'd memory region [0x0000000104af0000 - 0x0000000107bb0000], tag mtCode
#+end_src

#+begin_src lldb
Process 74710 stopped
 thread #3, stop reason = signal SIGSEGV
    frame #0: 0x0000000104bc564c
->  0x104bc564c: ldr    w11, [x9, #0x10]
    0x104bc5650: cbz    x11, 0x104bc5658
    0x104bc5654: add    x11, x27, x11, lsl #3
    0x104bc5658: str    w2, [x11, #0x6c]
Target 0: (java) stopped.
(lldb) call findpc(0x12345)

"Executing findpc"

error: Execution was interrupted, reason: signal SIGSEGV.
The process has been returned to the state before expression evaluation.

(lldb) expr (void)findpc(0x104bc564c)
0x0000000104bc564c is at code_begin+1548 in an AdapterHandler
Adapter for signature: AHE@0x0000000ac48dec20: {has_ro_adapter, {*metadata*, 0}, {object, 0}, {int, 108}, {long, 16}, {void, 16}, {short, 94}, {object, 96}, {array, 100}, {*metadata*, 24}, {int, 40}, {byte, 44}, {*metadata*, 24}, {double, 24}, {void, 24}, {long, 32}, {void, 32}, {void, 40}, {void, 48}, {*metadata*, 48}, {int, 64}, {byte, 68}, {*metadata*, 48}, {double, 48}, {void, 48}, {long, 56}, {void, 56}, {void, 64}, {void, 72}, {object, 104}, {*metadata*, 72}, {int, 88}, {byte, 92}, {*metadata*, 72}, {double, 72}, {void, 72}, {long, 80}, {void, 80}, {void, 88}, {void, 96}, {int, 112}, {void, 120}} i2c: 0x0000000104bc5040 c2i: 0x0000000104bc52c4 c2iVE: 0x0000000104bc57c0 c2iVROE: 0x0000000104bc50a0 c2iUE: 0x0000000104bc506c c2iUVE: 0x0000000104bc578c c2iNCI: 0x0000000104bc5800

(lldb) expr (void)pp(0x104bc564c)
0x0000000104bc564c in mmap'd memory region [0x0000000104a3c000 - 0x0000000107afc000], tag mtCode
#+end_src
* 10.2.26
Assembly:
#+begin_src bash
----------------------------------- Assembly -----------------------------------

Compiled method (c2) 4238  358             compiler.valhalla.inlinetypes.TestArrays::test5 (130 bytes)
 total in heap  [0x0000000104cb7088,0x0000000104cb8460] = 5080
 constants      [0x0000000104cb71c0,0x0000000104cb7200] = 64
 main code      [0x0000000104cb7200,0x0000000104cb8380] = 4480
 stub code      [0x0000000104cb8380,0x0000000104cb8440] = 192
 oops           [0x0000000104cb8440,0x0000000104cb8460] = 32
 mutable data [0x0000000882880e10,0x0000000882881100] = 752
 relocation     [0x0000000882880e10,0x0000000882880fd8] = 456
 metadata       [0x0000000882880fd8,0x0000000882881100] = 296
 immutable data [0x0000000884c29810,0x0000000884c2af54] = 5956
 dependencies   [0x0000000884c29810,0x0000000884c29878] = 104
 nul chk table  [0x0000000884c29878,0x0000000884c29890] = 24
 handler table  [0x0000000884c29890,0x0000000884c29998] = 264
 scopes pcs     [0x0000000884c29998,0x0000000884c2a1a8] = 2064
 scopes data    [0x0000000884c2a1a8,0x0000000884c2af50] = 3496

[Disassembly]
--------------------------------------------------------------------------------

[Constant Pool]
             Address          hex4                    hex8
  0x0000000104cb71c0:   0xe8069d32      0x3fec87b1e8069d32
  0x0000000104cb71c4:   0x3fec87b1
  0x0000000104cb71c8:   0x7a01a74c      0x400f21ec7a01a74c
  0x0000000104cb71cc:   0x400f21ec
  0x0000000104cb71d0:   0xf4034e99      0x3ffe43d8f4034e99
  0x0000000104cb71d4:   0x3ffe43d8
  0x0000000104cb71d8:   0x00000000      0x0000000000000000
  0x0000000104cb71dc:   0x00000000
  0x0000000104cb71e0:   0x00000000      0x0000000000000000
  0x0000000104cb71e4:   0x00000000
  0x0000000104cb71e8:   0x00000000      0x0000000000000000
  0x0000000104cb71ec:   0x00000000
  0x0000000104cb71f0:   0x00000000      0x0000000000000000
  0x0000000104cb71f4:   0x00000000
  0x0000000104cb71f8:   0x00000000      0x0000000000000000
  0x0000000104cb71fc:   0x00000000

--------------------------------------------------------------------------------

[Entry Point]
[Inline Entry Point]
  # {method} {0x000000011f813388} 'test5' '(Z)[Lcompiler/valhalla/inlinetypes/MyValue1;' in 'compiler/valhalla/inlinetypes/TestArrays'
 ;; N1772: #	out( B1 ) <- BLOCK HEAD IS JUNK  Freq: 1
  0x0000000104cb7200:   nop		                    ;   {other}
  0x0000000104cb7204:   ldr		w8, [x1, #8]
  0x0000000104cb7208:   ldr		w10, [x9, #8]
  0x0000000104cb720c:   cmp		w8, w10
  0x0000000104cb7210:   b.eq		#0x104cb7220
  0x0000000104cb7214:   adrp		x8, #0x104bcd000    ;   {runtime_call ic_miss_blob (shared runtime)}
  0x0000000104cb7218:   add		x8, x8, #0xa80
  0x0000000104cb721c:   br		x8
[Verified Entry Point]
[Verified Inline Entry Point]
[Verified Inline Entry Point (RO)]
  # this:     c_rarg1:c_rarg1
                        = 'compiler/valhalla/inlinetypes/TestArrays'
  # parm0:    c_rarg2   = boolean
  #           [sp+0x100]  (sp of caller)
 ;; B1: #	out( B25 B2 ) <- BLOCK HEAD IS JUNK  Freq: 1
  0x0000000104cb7220:   sub		x9, sp, #0x1c, lsl #12
  0x0000000104cb7224:   str		xzr, [x9]
  0x0000000104cb7228:   sub		sp, sp, #0x100
  0x0000000104cb722c:   stp		x29, x30, [sp, #0xf0]
  0x0000000104cb7230:   ldrb		w8, [x28, #0x518]
  0x0000000104cb7234:   cbz		x8, #0x104cb724c
 ;; 0x10915B8A4
  0x0000000104cb7238:   mov		x8, #0xb8a4         ;   {runtime_call JavaThread::verify_cross_modify_fence_failure(JavaThread*)}
  0x0000000104cb723c:   movk		x8, #0x915, lsl #16
  0x0000000104cb7240:   movk		x8, #1, lsl #32
  0x0000000104cb7244:   mov		x0, x28
  0x0000000104cb7248:   blr		x8
  0x0000000104cb724c:   ldr		w8, #0x104cb837c
  0x0000000104cb7250:   ldr		w9, [x28, #0x20]
  0x0000000104cb7254:   cmp		x8, x9
  0x0000000104cb7258:   b.ne		#0x104cb8368
  0x0000000104cb725c:   ldr		d16, #0x104cb71c0   ;   {section_word}
  0x0000000104cb7260:   ldr		d17, #0x104cb71c8   ;   {section_word}
  0x0000000104cb7264:   ldr		d18, #0x104cb71d0   ;   {section_word}
 ;; 0xE00014F238
  0x0000000104cb7268:   mov		x10, #0xf238        ;   {metadata('compiler/valhalla/inlinetypes/MyValue1'[])}
  0x0000000104cb726c:   movk		x10, #0x14, lsl #16
  0x0000000104cb7270:   movk		x10, #0xe0, lsl #32
  0x0000000104cb7274:   mov		w15, w2
  0x0000000104cb7278:   mov		x12, #0x140000      ;   {metadata('compiler/valhalla/inlinetypes/MyValue1'[])}
  0x0000000104cb727c:   movk		x12, #0xf238
  0x0000000104cb7280:   cbz		w2, #0x104cb77a8
 ;; B2: #	out( B59 B3 ) <- in( B1 )  Freq: 0.9
  0x0000000104cb7284:   ldr		x14, [x28, #0x1b8]
  0x0000000104cb7288:   ldr		x11, [x28, #0x1c8]
  0x0000000104cb728c:   add		x13, x14, #0x290
 ;; 0x5
  0x0000000104cb7290:   mov		w2, #5
  0x0000000104cb7294:   cmp		x13, x11
  0x0000000104cb7298:   b.hs		#0x104cb7e34
 ;; B3: #	out( B4 ) <- in( B2 )  Freq: 0.89991
  0x0000000104cb729c:   str		x13, [x28, #0x1b8]
  0x0000000104cb72a0:   ldr		x10, [x10, #0xa0]
  0x0000000104cb72a4:   str		x10, [x14]
  0x0000000104cb72a8:   prfm		pstl1keep, [x13, #0x180]
  0x0000000104cb72ac:   str		w12, [x14, #8]
  0x0000000104cb72b0:   prfm		pstl1keep, [x13, #0x200]
  0x0000000104cb72b4:   add		x10, x14, #0x10
  0x0000000104cb72b8:   str		w2, [x14, #0xc]
 ;; 0x50
  0x0000000104cb72bc:   mov		x11, #0x50
  0x0000000104cb72c0:   prfm		pstl1keep, [x13, #0x280]
 ;; zero_words {
  0x0000000104cb72c4:   subs		x8, x11, #8
  0x0000000104cb72c8:   b.lo		#0x104cb72d0
  0x0000000104cb72cc:   bl		#0x104ba8fc0        ;   {runtime_call Stub::zero_blocks_stub (stub gen)}
  0x0000000104cb72d0:   tbz		w11, #2, #0x104cb72dc
  0x0000000104cb72d4:   stp		xzr, xzr, [x10], #0x10
  0x0000000104cb72d8:   stp		xzr, xzr, [x10], #0x10
  0x0000000104cb72dc:   tbz		w11, #1, #0x104cb72e4
  0x0000000104cb72e0:   stp		xzr, xzr, [x10], #0x10
  0x0000000104cb72e4:   tbz		w11, #0, #0x104cb72ec
  0x0000000104cb72e8:   str		xzr, [x10]
 ;; } zero_words
  0x0000000104cb72ec:   str		w15, [sp, #0x48]    ;*invokespecial <init> {reexecute=0 rethrow=0 return_oop=0 return_scalarized=0}
                                                            ; - compiler.valhalla.inlinetypes.MyAbstract::<init>@1 (line 29)
                                                            ; - compiler.valhalla.inlinetypes.MyValue1::<init>@63 (line 65)
                                                            ; - compiler.valhalla.inlinetypes.MyValue1::setC@41 (line 165)
                                                            ; - compiler.valhalla.inlinetypes.MyValue1::createWithFieldsInline@136 (line 108)
                                                            ; - compiler.valhalla.inlinetypes.TestArrays::test5@80 (line 303)
 ;; B4: #	out( B5 ) <- in( B60 B3 )  Freq: 0.9
  0x0000000104cb72f0:   mov		w11, wzr            ;*invokestatic newNullRestrictedNonAtomicArray {reexecute=0 rethrow=0 return_oop=0 return_scalarized=0}
                                                            ; - compiler.valhalla.inlinetypes.TestArrays::test5@10 (line 296)
 ;; 0x1
  0x0000000104cb72f4:   mov		w10, #1
  0x0000000104cb72f8:   mov		w29, wzr
  0x0000000104cb72fc:   str		w11, [sp, #0x44]
  0x0000000104cb7300:   str		x14, [sp, #0x50]
  0x0000000104cb7304:   str		w10, [sp, #0x80]
  0x0000000104cb7308:   nop
  0x0000000104cb730c:   nop
 ;; B5: #	out( B45 B6 ) <- in( B4 B11 ) Loop( B5-B11 inner ) Freq: 9
  0x0000000104cb7310:   ldr		x12, [x28, #0x1b8]
 ;; 0x884D74068
  0x0000000104cb7314:   mov		x13, #0             ;   {oop(a 'java/lang/Class'{0x0000000b84800000} = 'compiler/valhalla/inlinetypes/MyValue1')}
  0x0000000104cb7318:   movk		x13, #0x8480, lsl #16
  0x0000000104cb731c:   movk		x13, #0xb, lsl #32
  0x0000000104cb7320:   ldr		x10, [x28, #0x1c8]
  0x0000000104cb7324:   add		x11, x12, #0x18     ;*invokespecial <init> {reexecute=0 rethrow=0 return_oop=0 return_scalarized=0}
                                                            ; - compiler.valhalla.inlinetypes.MyAbstract::<init>@1 (line 29)
                                                            ; - compiler.valhalla.inlinetypes.MyValue1::<init>@63 (line 65)
                                                            ; - compiler.valhalla.inlinetypes.MyValue1::setC@41 (line 165)
                                                            ; - compiler.valhalla.inlinetypes.MyValue1::createWithFieldsInline@136 (line 108)
                                                            ; - compiler.valhalla.inlinetypes.TestArrays::test5@80 (line 303)
  0x0000000104cb7328:   str		wzr, [x13, #0x90]   ;*putstatic s {reexecute=0 rethrow=0 return_oop=0 return_scalarized=0}
                                                            ; - compiler.valhalla.inlinetypes.MyValue1::<init>@1 (line 66)
                                                            ; - compiler.valhalla.inlinetypes.MyValue1::createDefaultInline@20 (line 86)
                                                            ; - compiler.valhalla.inlinetypes.MyValue1::createWithFieldsInline@0 (line 96)
                                                            ; - compiler.valhalla.inlinetypes.TestArrays::test5@32 (line 298)
  0x0000000104cb732c:   cmp		x11, x10
  0x0000000104cb7330:   b.hs		#0x104cb7c50
 ;; B6: #	out( B7 ) <- in( B5 )  Freq: 8.9991
 ;; 0xE00005A1C0
  0x0000000104cb7334:   mov		x10, #0xa1c0        ;   {metadata('java/lang/Integer')}
  0x0000000104cb7338:   movk		x10, #5, lsl #16
  0x0000000104cb733c:   movk		x10, #0xe0, lsl #32
  0x0000000104cb7340:   str		x11, [x28, #0x1b8]
  0x0000000104cb7344:   ldr		x10, [x10, #0xa0]
  0x0000000104cb7348:   str		x10, [x12]
  0x0000000104cb734c:   mov		x10, #0x50000       ;   {metadata('java/lang/Integer')}
  0x0000000104cb7350:   movk		x10, #0xa1c0
  0x0000000104cb7354:   str		w10, [x12, #8]
  0x0000000104cb7358:   prfm		pstl1keep, [x11, #0x180]
  0x0000000104cb735c:   str		wzr, [x12, #0xc]
 ;; B7: #	out( B47 B8 ) <- in( B46 B6 )  Freq: 9
 ;; 0xFFFFFE91
  0x0000000104cb7360:   mov		x10, #0xfe91
  0x0000000104cb7364:   movk		x10, #0xffff, lsl #16
  0x0000000104cb7368:   str		x10, [x12, #0x10]
  0x0000000104cb736c:   dmb		ishst               ;*putfield o {reexecute=0 rethrow=0 return_oop=0 return_scalarized=0}
                                                            ; - compiler.valhalla.inlinetypes.MyValue1::<init>@23 (line 70)
                                                            ; - compiler.valhalla.inlinetypes.MyValue1::setO@41 (line 155)
                                                            ; - compiler.valhalla.inlinetypes.MyValue1::createWithFieldsInline@32 (line 101)
                                                            ; - compiler.valhalla.inlinetypes.TestArrays::test5@32 (line 298)
 ;; merged membar(always)
  0x0000000104cb7370:   str		x12, [sp, #0x58]
  0x0000000104cb7374:   ldr		x12, [x28, #0x1b8]
  0x0000000104cb7378:   ldr		x10, [x28, #0x1c8]
  0x0000000104cb737c:   add		x11, x12, #0x18
  0x0000000104cb7380:   cmp		x11, x10
  0x0000000104cb7384:   b.hs		#0x104cb7c90
 ;; B8: #	out( B9 ) <- in( B7 )  Freq: 8.9991
 ;; 0xE000040F88
  0x0000000104cb7388:   mov		x10, #0xf88         ;   {metadata({type array int})}
  0x0000000104cb738c:   movk		x10, #4, lsl #16
  0x0000000104cb7390:   movk		x10, #0xe0, lsl #32
  0x0000000104cb7394:   str		x11, [x28, #0x1b8]
  0x0000000104cb7398:   ldr		x10, [x10, #0xa0]
  0x0000000104cb739c:   str		x10, [x12]
  0x0000000104cb73a0:   mov		x10, #0x40000       ;   {metadata({type array int})}
  0x0000000104cb73a4:   movk		x10, #0xf88
  0x0000000104cb73a8:   prfm		pstl1keep, [x11, #0x180]
  0x0000000104cb73ac:   str		w10, [x12, #8]
  0x0000000104cb73b0:   prfm		pstl1keep, [x11, #0x200]
  0x0000000104cb73b4:   ldr		w13, [sp, #0x80]
  0x0000000104cb73b8:   str		w13, [x12, #0xc]
  0x0000000104cb73bc:   prfm		pstl1keep, [x11, #0x280]
 ;; B9: #	out( B49 B10 ) <- in( B48 B8 )  Freq: 9
 ;; 0xFFFFFE91
  0x0000000104cb73c0:   mov		x10, #0xfe91
  0x0000000104cb73c4:   movk		x10, #0xffff, lsl #16
  0x0000000104cb73c8:   str		x10, [x12, #0x10]
  0x0000000104cb73cc:   dmb		ishst               ;*newarray {reexecute=0 rethrow=0 return_oop=0 return_scalarized=0}
                                                            ; - compiler.valhalla.inlinetypes.MyValue1::createWithFieldsInline@37 (line 102)
                                                            ; - compiler.valhalla.inlinetypes.TestArrays::test5@32 (line 298)
  0x0000000104cb73d0:   ldr		x0, [x28, #0x1b8]
  0x0000000104cb73d4:   str		x12, [sp, #0x60]
 ;; 0x884D74068
  0x0000000104cb73d8:   mov		x12, #0             ;   {oop(a 'java/lang/Class'{0x0000000b84800000} = 'compiler/valhalla/inlinetypes/MyValue1')}
  0x0000000104cb73dc:   movk		x12, #0x8480, lsl #16
  0x0000000104cb73e0:   movk		x12, #0xb, lsl #32
  0x0000000104cb73e4:   ldr		x10, [x28, #0x1c8]
  0x0000000104cb73e8:   add		x11, x0, #0x28      ;*invokespecial <init> {reexecute=0 rethrow=0 return_oop=0 return_scalarized=0}
                                                            ; - compiler.valhalla.inlinetypes.MyAbstract::<init>@1 (line 29)
                                                            ; - compiler.valhalla.inlinetypes.MyValue1::<init>@63 (line 65)
                                                            ; - compiler.valhalla.inlinetypes.MyValue1::setC@41 (line 165)
                                                            ; - compiler.valhalla.inlinetypes.MyValue1::createWithFieldsInline@136 (line 108)
                                                            ; - compiler.valhalla.inlinetypes.TestArrays::test5@80 (line 303)
  0x0000000104cb73ec:   str		wzr, [x12, #0x90]   ;*putstatic s {reexecute=0 rethrow=0 return_oop=0 return_scalarized=0}
                                                            ; - compiler.valhalla.inlinetypes.MyValue1::<init>@1 (line 66)
                                                            ; - compiler.valhalla.inlinetypes.MyValue1::setOA@41 (line 160)
                                                            ; - compiler.valhalla.inlinetypes.MyValue1::createWithFieldsInline@48 (line 103)
                                                            ; - compiler.valhalla.inlinetypes.TestArrays::test5@32 (line 298)
  0x0000000104cb73f0:   cmp		x11, x10
  0x0000000104cb73f4:   b.hs		#0x104cb7cd4
 ;; B10: #	out( B11 ) <- in( B9 )  Freq: 8.9991
 ;; 0xE0000CC000
  0x0000000104cb73f8:   mov		x10, #0xc000        ;   {metadata('compiler/valhalla/inlinetypes/MyValue2')}
  0x0000000104cb73fc:   movk		x10, #0xc, lsl #16
  0x0000000104cb7400:   movk		x10, #0xe0, lsl #32
  0x0000000104cb7404:   str		x11, [x28, #0x1b8]
  0x0000000104cb7408:   ldr		x10, [x10, #0xa0]
  0x0000000104cb740c:   mov		x12, #0xc0000       ;   {metadata('compiler/valhalla/inlinetypes/MyValue2')}
  0x0000000104cb7410:   movk		x12, #0xc000
  0x0000000104cb7414:   str		x10, [x0]
  0x0000000104cb7418:   str		w12, [x0, #8]
  0x0000000104cb741c:   prfm		pstl1keep, [x11, #0x180]
  0x0000000104cb7420:   str		wzr, [x0, #0xc]
 ;; B11: #	out( B5 B12 ) <- in( B50 B10 )  Freq: 9
 ;; 0x400721EC7A01A74C
  0x0000000104cb7424:   mov		x10, #0xa74c
  0x0000000104cb7428:   movk		x10, #0x7a01, lsl #16
  0x0000000104cb742c:   movk		x10, #0x21ec, lsl #32
  0x0000000104cb7430:   movk		x10, #0x4007, lsl #48
  0x0000000104cb7434:   str		x10, [x0, #0x10]    ;*invokespecial <init> {reexecute=0 rethrow=0 return_oop=0 return_scalarized=0}
                                                            ; - compiler.valhalla.inlinetypes.MyAbstract::<init>@1 (line 29)
                                                            ; - compiler.valhalla.inlinetypes.MyValue1::<init>@63 (line 65)
                                                            ; - compiler.valhalla.inlinetypes.MyValue1::setC@41 (line 165)
                                                            ; - compiler.valhalla.inlinetypes.MyValue1::createWithFieldsInline@136 (line 108)
                                                            ; - compiler.valhalla.inlinetypes.TestArrays::test5@80 (line 303)
 ;; 0xFFFFFFFFFFFFFCF0
  0x0000000104cb7438:   mov		x10, #-0x310
  0x0000000104cb743c:   str		x10, [x0, #0x18]
 ;; 0x93FFFFFE93
  0x0000000104cb7440:   mov		x10, #0xfe93
  0x0000000104cb7444:   movk		x10, #0xffff, lsl #16
  0x0000000104cb7448:   movk		x10, #0x93, lsl #32
  0x0000000104cb744c:   str		x10, [x0, #0x20]
  0x0000000104cb7450:   dmb		ishst               ;*putfield v4 {reexecute=0 rethrow=0 return_oop=0 return_scalarized=0}
                                                            ; - compiler.valhalla.inlinetypes.MyValue1::<init>@47 (line 74)
                                                            ; - compiler.valhalla.inlinetypes.MyValue1::setV4@41 (line 180)
                                                            ; - compiler.valhalla.inlinetypes.MyValue1::createWithFieldsInline@103 (line 106)
                                                            ; - compiler.valhalla.inlinetypes.TestArrays::test5@32 (line 298)
 ;; merged membar(always)
  0x0000000104cb7454:   sbfiz		x10, x29, #7, #0x20
  0x0000000104cb7458:   ldr		x11, [sp, #0x50]    ;*invokespecial <init> {reexecute=0 rethrow=0 return_oop=0 return_scalarized=0}
                                                            ; - compiler.valhalla.inlinetypes.MyAbstract::<init>@1 (line 29)
                                                            ; - compiler.valhalla.inlinetypes.MyValue1::<init>@63 (line 65)
                                                            ; - compiler.valhalla.inlinetypes.MyValue1::setC@41 (line 165)
                                                            ; - compiler.valhalla.inlinetypes.MyValue1::createWithFieldsInline@136 (line 108)
                                                            ; - compiler.valhalla.inlinetypes.TestArrays::test5@80 (line 303)
  0x0000000104cb745c:   add		x10, x11, x10
 ;; 0xFFFFFB7F
  0x0000000104cb7460:   mov		w11, #-0x481
  0x0000000104cb7464:   str		w11, [x10, #0x70]
 ;; 0xFFFFFFFFFFFFFCF1
  0x0000000104cb7468:   mov		x11, #-0x30f
  0x0000000104cb746c:   str		x11, [x10, #0x50]
 ;; 0xFFFFFE94
  0x0000000104cb7470:   mov		w11, #-0x16c
  0x0000000104cb7474:   str		d17, [x10, #0x48]
  0x0000000104cb7478:   str		d18, [x10, #0x30]
  0x0000000104cb747c:   str		d16, [x10, #0x18]
  0x0000000104cb7480:   str		w11, [x10, #0x58]
 ;; 0xFFFFFFFFFFFFFCEE
  0x0000000104cb7484:   mov		x11, #-0x312
  0x0000000104cb7488:   str		x11, [x10, #0x10]
 ;; 0xFFFFFFFFFFFFFCEF
  0x0000000104cb748c:   mov		x11, #-0x311
 ;; 0xFFFFFE91
  0x0000000104cb7490:   mov		w12, #-0x16f
  0x0000000104cb7494:   str		x11, [x10, #0x38]
 ;; 0xFFFFFE92
  0x0000000104cb7498:   mov		w11, #-0x16e
  0x0000000104cb749c:   str		w12, [x10, #0x6c]
 ;; 0xFFFFFF94
  0x0000000104cb74a0:   mov		w12, #-0x6c
  0x0000000104cb74a4:   str		w11, [x10, #0x40]
 ;; 0xFFFFFFFFFFFFFCEE
  0x0000000104cb74a8:   mov		x11, #-0x312
  0x0000000104cb74ac:   strb		w12, [x10, #0x5c]
 ;; 0xFFFFFF92
  0x0000000104cb74b0:   mov		w12, #-0x6e
  0x0000000104cb74b4:   str		x11, [x10, #0x20]
 ;; 0xFFFFFE91
  0x0000000104cb74b8:   mov		w11, #-0x16f
  0x0000000104cb74bc:   strb		w12, [x10, #0x44]
 ;; 0xFFFFFF91
  0x0000000104cb74c0:   mov		w12, #-0x6f
  0x0000000104cb74c4:   str		w11, [x10, #0x28]
 ;; 0x884D74068
  0x0000000104cb74c8:   mov		x11, #0             ;   {oop(a 'java/lang/Class'{0x0000000b84800000} = 'compiler/valhalla/inlinetypes/MyValue1')}
  0x0000000104cb74cc:   movk		x11, #0x8480, lsl #16
  0x0000000104cb74d0:   movk		x11, #0xb, lsl #32
  0x0000000104cb74d4:   strb		w12, [x10, #0x2c]   ;*aastore {reexecute=0 rethrow=0 return_oop=0 return_scalarized=0}
                                                            ; - compiler.valhalla.inlinetypes.TestArrays::test5@35 (line 298)
 ;; 0xFFFFFE91
  0x0000000104cb74d8:   mov		w12, #-0x16f
  0x0000000104cb74dc:   str		wzr, [x11, #0x90]   ;*putstatic s {reexecute=0 rethrow=0 return_oop=0 return_scalarized=0}
                                                            ; - compiler.valhalla.inlinetypes.MyValue1::<init>@1 (line 66)
                                                            ; - compiler.valhalla.inlinetypes.MyValue1::setV5@41 (line 185)
                                                            ; - compiler.valhalla.inlinetypes.MyValue1::createWithFieldsInline@126 (line 107)
                                                            ; - compiler.valhalla.inlinetypes.TestArrays::test5@32 (line 298)
  0x0000000104cb74e0:   strh		w12, [x10, #0x5e]   ;*aastore {reexecute=0 rethrow=0 return_oop=0 return_scalarized=0}
                                                            ; - compiler.valhalla.inlinetypes.TestArrays::test5@35 (line 298)
  0x0000000104cb74e4:   add		x11, x10, #0x60
  0x0000000104cb74e8:   add		x12, x10, #0x64
  0x0000000104cb74ec:   add		x10, x10, #0x68
  0x0000000104cb74f0:   ldrb		w17, [x28, #0x48]
  0x0000000104cb74f4:   cbnz		w17, #0x104cb8100
  0x0000000104cb74f8:   cbnz		x0, #0x104cb750c
 ;; null oop passed to encode_heap_oop_not_null2
 ;; 0x10A050D04
  0x0000000104cb74fc:   mov		x0, #0xd04          ;   {external_word}
  0x0000000104cb7500:   movk		x0, #0xa05, lsl #16
  0x0000000104cb7504:   movk		x0, #1, lsl #32
  0x0000000104cb7508:   dcps1		#0xdeae
  0x0000000104cb750c:   sub		x1, x0, x27
  0x0000000104cb7510:   lsr		x1, x1, #3
  0x0000000104cb7514:   str		w1, [x10]
  0x0000000104cb7518:   eor		x17, x10, x0
  0x0000000104cb751c:   lsr		x17, x17, #0x17
  0x0000000104cb7520:   cbz		x17, #0x104cb7538
  0x0000000104cb7524:   lsr		x17, x10, #9
  0x0000000104cb7528:   ldr		x16, [x28, #0x50]
  0x0000000104cb752c:   ldrb		w8, [x17, x16]
  0x0000000104cb7530:   tbz		w8, #0, #0x104cb7538
  0x0000000104cb7534:   strb		wzr, [x17, x16]
  0x0000000104cb7538:   ldr		x16, [sp, #0x58]
  0x0000000104cb753c:   ldrb		w14, [x28, #0x48]
  0x0000000104cb7540:   cbnz		w14, #0x104cb8168
  0x0000000104cb7544:   cbnz		x16, #0x104cb7558
 ;; null oop passed to encode_heap_oop_not_null2
 ;; 0x10A050D04
  0x0000000104cb7548:   mov		x0, #0xd04          ;   {external_word}
  0x0000000104cb754c:   movk		x0, #0xa05, lsl #16
  0x0000000104cb7550:   movk		x0, #1, lsl #32
  0x0000000104cb7554:   dcps1		#0xdeae
  0x0000000104cb7558:   sub		x10, x16, x27
  0x0000000104cb755c:   lsr		x10, x10, #3
  0x0000000104cb7560:   str		w10, [x11]
  0x0000000104cb7564:   eor		x14, x11, x16
  0x0000000104cb7568:   lsr		x14, x14, #0x17
  0x0000000104cb756c:   cbz		x14, #0x104cb7584
  0x0000000104cb7570:   lsr		x14, x11, #9
  0x0000000104cb7574:   ldr		x15, [x28, #0x50]
  0x0000000104cb7578:   ldrb		w8, [x14, x15]
  0x0000000104cb757c:   tbz		w8, #0, #0x104cb7584
  0x0000000104cb7580:   strb		wzr, [x14, x15]
  0x0000000104cb7584:   ldr		x14, [sp, #0x60]    ;*invokespecial <init> {reexecute=0 rethrow=0 return_oop=0 return_scalarized=0}
                                                            ; - compiler.valhalla.inlinetypes.MyAbstract::<init>@1 (line 29)
                                                            ; - compiler.valhalla.inlinetypes.MyValue1::<init>@63 (line 65)
                                                            ; - compiler.valhalla.inlinetypes.MyValue1::setC@41 (line 165)
                                                            ; - compiler.valhalla.inlinetypes.MyValue1::createWithFieldsInline@136 (line 108)
                                                            ; - compiler.valhalla.inlinetypes.TestArrays::test5@80 (line 303)
  0x0000000104cb7588:   add		w29, w29, #1        ;*iinc {reexecute=0 rethrow=0 return_oop=0 return_scalarized=0}
                                                            ; - compiler.valhalla.inlinetypes.TestArrays::test5@36 (line 297)
  0x0000000104cb758c:   ldrb		w10, [x28, #0x48]
  0x0000000104cb7590:   cbnz		w10, #0x104cb81d0
  0x0000000104cb7594:   cbnz		x14, #0x104cb75a8
 ;; null oop passed to encode_heap_oop_not_null2
 ;; 0x10A050D04
  0x0000000104cb7598:   mov		x0, #0xd04          ;   {external_word}
  0x0000000104cb759c:   movk		x0, #0xa05, lsl #16
  0x0000000104cb75a0:   movk		x0, #1, lsl #32
  0x0000000104cb75a4:   dcps1		#0xdeae
  0x0000000104cb75a8:   sub		x11, x14, x27
  0x0000000104cb75ac:   lsr		x11, x11, #3
  0x0000000104cb75b0:   str		w11, [x12]
  0x0000000104cb75b4:   eor		x10, x12, x14
  0x0000000104cb75b8:   lsr		x10, x10, #0x17
  0x0000000104cb75bc:   cbz		x10, #0x104cb75d4
  0x0000000104cb75c0:   lsr		x10, x12, #9
  0x0000000104cb75c4:   ldr		x13, [x28, #0x50]
  0x0000000104cb75c8:   ldrb		w8, [x10, x13]
  0x0000000104cb75cc:   tbz		w8, #0, #0x104cb75d4
  0x0000000104cb75d0:   strb		wzr, [x10, x13]
  0x0000000104cb75d4:   cmp		w29, #5
  0x0000000104cb75d8:   b.lt		#0x104cb7310
 ;; B12: #	out( B13 ) <- in( B11 )  Freq: 0.9
  0x0000000104cb75dc:   ldr		w29, [sp, #0x48]
 ;; B13: #	out( B14 B14 ) <- in( B12 B36 )  Freq: 1
  0x0000000104cb75e0:   ldr		x15, [sp, #0x50]    ;*invokespecial <init> {reexecute=0 rethrow=0 return_oop=0 return_scalarized=0}
                                                            ; - compiler.valhalla.inlinetypes.MyAbstract::<init>@1 (line 29)
                                                            ; - compiler.valhalla.inlinetypes.MyValue1::<init>@63 (line 65)
                                                            ; - compiler.valhalla.inlinetypes.MyValue1::setC@41 (line 165)
                                                            ; - compiler.valhalla.inlinetypes.MyValue1::createWithFieldsInline@136 (line 108)
                                                            ; - compiler.valhalla.inlinetypes.TestArrays::test5@80 (line 303)
  0x0000000104cb75e4:   ldr		w1, [x15, #0x60]
  0x0000000104cb75e8:   cbz		w1, #0x104cb75ec
 ;; B14: #	out( B15 B15 ) <- in( B13 B13 )  Freq: 1
  0x0000000104cb75ec:   ldr		w20, [x15, #0x68]
  0x0000000104cb75f0:   cbz			w20, #0x104cb75f4
 ;; B15: #	out( B76 B16 ) <- in( B14 B14 )  Freq: 1
  0x0000000104cb75f4:   ldr		d2, [x15, #0x48]
  0x0000000104cb75f8:   ldr		d1, [x15, #0x30]
  0x0000000104cb75fc:   ldr		d0, [x15, #0x18]    ;*aaload {reexecute=0 rethrow=0 return_oop=0 return_scalarized=0}
                                                            ; - compiler.valhalla.inlinetypes.TestArrays::test5@92 (line 306)
  0x0000000104cb7600:   ldr		w5, [x15, #0x64]    ;*invokespecial <init> {reexecute=0 rethrow=0 return_oop=0 return_scalarized=0}
                                                            ; - compiler.valhalla.inlinetypes.MyAbstract::<init>@1 (line 29)
                                                            ; - compiler.valhalla.inlinetypes.MyValue1::<init>@63 (line 65)
                                                            ; - compiler.valhalla.inlinetypes.MyValue1::setC@41 (line 165)
                                                            ; - compiler.valhalla.inlinetypes.MyValue1::createWithFieldsInline@136 (line 108)
                                                            ; - compiler.valhalla.inlinetypes.TestArrays::test5@80 (line 303)
  0x0000000104cb7604:   ldrsb		w10, [x15, #0x44]
  0x0000000104cb7608:   ldr		w12, [x15, #0x70]
  0x0000000104cb760c:   ldr		w7, [x15, #0x28]
  0x0000000104cb7610:   ldrsb		w0, [x15, #0x2c]
  0x0000000104cb7614:   ldrsh		w4, [x15, #0x5e]
  0x0000000104cb7618:   ldr		x16, [x15, #0x20]
  0x0000000104cb761c:   ldr		w13, [x15, #0x40]
  0x0000000104cb7620:   ldr		x3, [x15, #0x10]
  0x0000000104cb7624:   ldr		x17, [x15, #0x38]
  0x0000000104cb7628:   ldr		x19, [x15, #0x50]
  0x0000000104cb762c:   ldr		w14, [x15, #0x58]
  0x0000000104cb7630:   ldrsb		w11, [x15, #0x5c]
  0x0000000104cb7634:   mov		x6, x5
  0x0000000104cb7638:   cbz		x5, #0x104cb7640
  0x0000000104cb763c:   add		x6, x27, x5, lsl #3
  0x0000000104cb7640:   ldr		w2, [x15, #0x6c]
  0x0000000104cb7644:   mov		x5, x1
  0x0000000104cb7648:   cbz		x1, #0x104cb7650
  0x0000000104cb764c:   add		x5, x27, x1, lsl #3
  0x0000000104cb7650:   mov		x15, x20
  0x0000000104cb7654:   cbz		x20, #0x104cb765c
  0x0000000104cb7658:   add		x15, x27, x20, lsl #3;*aaload {reexecute=0 rethrow=0 return_oop=0 return_scalarized=0}
                                                            ; - compiler.valhalla.inlinetypes.TestArrays::test5@92 (line 306)
  0x0000000104cb765c:   ldr		x8, [sp, #0x50]
  0x0000000104cb7660:   str		x8, [sp, #0x68]
  0x0000000104cb7664:   mov		x1, xzr
  0x0000000104cb7668:   str		x16, [sp]
  0x0000000104cb766c:   str		w13, [sp, #8]
  0x0000000104cb7670:   str		w10, [sp, #0x10]
 ;; merged str pair
  0x0000000104cb7674:   stp		x17, x15, [sp, #0x18]
  0x0000000104cb7678:   str		w14, [sp, #0x28]
  0x0000000104cb767c:   str		w11, [sp, #0x30]
  0x0000000104cb7680:   str		x19, [sp, #0x38]
  0x0000000104cb7684:   str		w12, [sp, #0x40]
  0x0000000104cb7688:   bl		#0x104bcdcc0        ; ImmutableOopMap {[80]=Oop [104]=Oop }
                                                            ;*invokevirtual hashInterpreted {reexecute=0 rethrow=0 return_oop=0 return_scalarized=0}
                                                            ; - compiler.valhalla.inlinetypes.TestArrays::test5@93 (line 306)
                                                            ;   {optimized virtual_call compiler.valhalla.inlinetypes.MyValue1::hashInterpreted}
  0x0000000104cb768c:   nop		                    ;   {post_call_nop}
  0x0000000104cb7690:   movk		xzr, #0x604
  0x0000000104cb7694:   movk		xzr, #0
 ;; B16: #	out( B37 B17 ) <- in( B15 )  Freq: 0.99998
  0x0000000104cb7698:   movi		d16, #0000000000000000;*invokespecial <init> {reexecute=0 rethrow=0 return_oop=0 return_scalarized=0}
                                                            ; - compiler.valhalla.inlinetypes.MyAbstract::<init>@1 (line 29)
                                                            ; - compiler.valhalla.inlinetypes.MyValue1::<init>@63 (line 65)
                                                            ; - compiler.valhalla.inlinetypes.MyValue1::setC@41 (line 165)
                                                            ; - compiler.valhalla.inlinetypes.MyValue1::createWithFieldsInline@136 (line 108)
                                                            ; - compiler.valhalla.inlinetypes.TestArrays::test5@80 (line 303)
  0x0000000104cb769c:   cbz		w29, #0x104cb7b48
 ;; B17: #	out( B77 B18 ) <- in( B16 )  Freq: 0.899982
  0x0000000104cb76a0:   str		d16, [sp, #0x48]
 ;; 0xFFFFFE91
  0x0000000104cb76a4:   mov		w1, #-0x16f
  0x0000000104cb76a8:   mov		x2, x0
  0x0000000104cb76ac:   bl		#0x104bce140        ; ImmutableOopMap {[80]=Oop [104]=Oop }
                                                            ;*invokestatic createWithFieldsDontInline {reexecute=0 rethrow=0 return_oop=1 return_scalarized=0}
                                                            ; - compiler.valhalla.inlinetypes.TestArrays::test5@107 (line 308)
                                                            ;   {static_call}
  0x0000000104cb76b0:   nop		                    ;   {post_call_nop}
  0x0000000104cb76b4:   movk		xzr, #0x628
  0x0000000104cb76b8:   movk		xzr, #0x100
 ;; B18: #	out( B65 B19 ) <- in( B17 )  Freq: 0.899964
  0x0000000104cb76bc:   ldr		w12, [x0, #0x60]    ; implicit exception: dispatches to 0x0000000104cb7ee8
 ;; B19: #	out( B51 B20 ) <- in( B18 )  Freq: 0.899963
 ;; merged ldr pair
  0x0000000104cb76c0:   ldp		w14, w21, [x0, #0x64]
  0x0000000104cb76c4:   cbz		w12, #0x104cb7d10   ;*invokespecial <init> {reexecute=0 rethrow=0 return_oop=0 return_scalarized=0}
                                                            ; - compiler.valhalla.inlinetypes.MyAbstract::<init>@1 (line 29)
                                                            ; - compiler.valhalla.inlinetypes.MyValue1::<init>@63 (line 65)
                                                            ; - compiler.valhalla.inlinetypes.MyValue1::setC@41 (line 165)
                                                            ; - compiler.valhalla.inlinetypes.MyValue1::createWithFieldsInline@136 (line 108)
                                                            ; - compiler.valhalla.inlinetypes.TestArrays::test5@80 (line 303)
 ;; B20: #	out( B21 ) <- in( B19 )  Freq: 0.899063
  0x0000000104cb76c8:   add		x10, x27, x12, lsl #3
  0x0000000104cb76cc:   ldr		w6, [x10, #0x10]
 ;; B21: #	out( B63 B22 ) <- in( B20 B51 )  Freq: 0.899963
  0x0000000104cb76d0:   cbnz		w21, #0x104cb7eb8
 ;; B22: #	out( B23 ) <- in( B21 )  Freq: 0.899962
  0x0000000104cb76d4:   mov		x23, xzr
  0x0000000104cb76d8:   mov		w16, wzr
  0x0000000104cb76dc:   ldr		w20, [sp, #0x44]
  0x0000000104cb76e0:   ldr		d19, [sp, #0x48]
 ;; B23: #	out( B24 ) <- in( B63 B22 )  Freq: 0.899963
  0x0000000104cb76e4:   ldr		d18, [x0, #0x18]
  0x0000000104cb76e8:   ldr		d17, [x0, #0x30]
  0x0000000104cb76ec:   ldr		d16, [x0, #0x48]
  0x0000000104cb76f0:   ldr		w15, [x0, #0x6c]
  0x0000000104cb76f4:   ldr		x29, [x0, #0x10]
  0x0000000104cb76f8:   ldrsh		w1, [x0, #0x5e]
  0x0000000104cb76fc:   ldr		w17, [x0, #0x70]
  0x0000000104cb7700:   ldr		x10, [x0, #0x50]
  0x0000000104cb7704:   ldrsb		w3, [x0, #0x5c]
  0x0000000104cb7708:   ldr		w2, [x0, #0x58]
  0x0000000104cb770c:   ldr		x11, [x0, #0x38]
  0x0000000104cb7710:   ldrsb		w5, [x0, #0x44]
  0x0000000104cb7714:   ldr		w4, [x0, #0x40]     ;*invokestatic createWithFieldsDontInline {reexecute=0 rethrow=0 return_oop=0 return_scalarized=0}
                                                            ; - compiler.valhalla.inlinetypes.TestArrays::test5@107 (line 308)
  0x0000000104cb7718:   cmp		w21, wzr            ;*invokespecial <init> {reexecute=0 rethrow=0 return_oop=0 return_scalarized=0}
                                                            ; - compiler.valhalla.inlinetypes.MyAbstract::<init>@1 (line 29)
                                                            ; - compiler.valhalla.inlinetypes.MyValue1::<init>@63 (line 65)
                                                            ; - compiler.valhalla.inlinetypes.MyValue1::setC@41 (line 165)
                                                            ; - compiler.valhalla.inlinetypes.MyValue1::createWithFieldsInline@136 (line 108)
                                                            ; - compiler.valhalla.inlinetypes.TestArrays::test5@80 (line 303)
  0x0000000104cb771c:   ldr		x22, [x0, #0x20]    ;*invokestatic createWithFieldsDontInline {reexecute=0 rethrow=0 return_oop=0 return_scalarized=0}
                                                            ; - compiler.valhalla.inlinetypes.TestArrays::test5@107 (line 308)
  0x0000000104cb7720:   cset		w19, ne             ;*invokespecial <init> {reexecute=0 rethrow=0 return_oop=0 return_scalarized=0}
                                                            ; - compiler.valhalla.inlinetypes.MyAbstract::<init>@1 (line 29)
                                                            ; - compiler.valhalla.inlinetypes.MyValue1::<init>@63 (line 65)
                                                            ; - compiler.valhalla.inlinetypes.MyValue1::setC@41 (line 165)
                                                            ; - compiler.valhalla.inlinetypes.MyValue1::createWithFieldsInline@136 (line 108)
                                                            ; - compiler.valhalla.inlinetypes.TestArrays::test5@80 (line 303)
  0x0000000104cb7724:   ldrsb		w7, [x0, #0x2c]     ;*invokestatic createWithFieldsDontInline {reexecute=0 rethrow=0 return_oop=0 return_scalarized=0}
                                                            ; - compiler.valhalla.inlinetypes.TestArrays::test5@107 (line 308)
  0x0000000104cb7728:   cmp		w12, wzr            ;*invokespecial <init> {reexecute=0 rethrow=0 return_oop=0 return_scalarized=0}
                                                            ; - compiler.valhalla.inlinetypes.MyAbstract::<init>@1 (line 29)
                                                            ; - compiler.valhalla.inlinetypes.MyValue1::<init>@63 (line 65)
                                                            ; - compiler.valhalla.inlinetypes.MyValue1::setC@41 (line 165)
                                                            ; - compiler.valhalla.inlinetypes.MyValue1::createWithFieldsInline@136 (line 108)
                                                            ; - compiler.valhalla.inlinetypes.TestArrays::test5@80 (line 303)
  0x0000000104cb772c:   ldr		w13, [x0, #0x28]    ;*invokestatic createWithFieldsDontInline {reexecute=0 rethrow=0 return_oop=0 return_scalarized=0}
                                                            ; - compiler.valhalla.inlinetypes.TestArrays::test5@107 (line 308)
  0x0000000104cb7730:   cset		w12, ne             ;*invokespecial <init> {reexecute=0 rethrow=0 return_oop=0 return_scalarized=0}
                                                            ; - compiler.valhalla.inlinetypes.MyAbstract::<init>@1 (line 29)
                                                            ; - compiler.valhalla.inlinetypes.MyValue1::<init>@63 (line 65)
                                                            ; - compiler.valhalla.inlinetypes.MyValue1::setC@41 (line 165)
                                                            ; - compiler.valhalla.inlinetypes.MyValue1::createWithFieldsInline@136 (line 108)
                                                            ; - compiler.valhalla.inlinetypes.TestArrays::test5@80 (line 303)
  0x0000000104cb7734:   cbz		x14, #0x104cb773c
  0x0000000104cb7738:   add		x14, x27, x14, lsl #3;*invokestatic createWithFieldsDontInline {reexecute=0 rethrow=0 return_oop=0 return_scalarized=0}
                                                            ; - compiler.valhalla.inlinetypes.TestArrays::test5@107 (line 308)
  0x0000000104cb773c:   str		w20, [sp, #0x44]
  0x0000000104cb7740:   str		d18, [sp, #0x48]
  0x0000000104cb7744:   str		d17, [sp, #0x50]
  0x0000000104cb7748:   str		d16, [sp, #0x58]
  0x0000000104cb774c:   str		d19, [sp, #0x60]
  0x0000000104cb7750:   str		x23, [sp, #0x70]
 ;; merged str pair
  0x0000000104cb7754:   stp		w6, w16, [sp, #0x78]
  0x0000000104cb7758:   str		w15, [sp, #0x84]
  0x0000000104cb775c:   str		x29, [sp, #0x88]
 ;; merged str pair
  0x0000000104cb7760:   stp		w1, w17, [sp, #0x90]
  0x0000000104cb7764:   str		x10, [sp, #0x98]
 ;; merged str pair
  0x0000000104cb7768:   stp		w3, w2, [sp, #0xa0]
  0x0000000104cb776c:   str		x11, [sp, #0xa8]
 ;; merged str pair
  0x0000000104cb7770:   stp		w5, w4, [sp, #0xb0]
  0x0000000104cb7774:   str		x22, [sp, #0xb8]
 ;; merged str pair
  0x0000000104cb7778:   stp		w7, w13, [sp, #0xc0]
 ;; merged str pair
  0x0000000104cb777c:   stp		w19, w12, [sp, #0xc8]
  0x0000000104cb7780:   str		x14, [sp, #0xd0]
 ;; B24: #	out( N1772 ) <- in( B23 B65 )  Freq: 0.899964
 ;; 0xFFFFFFD6
  0x0000000104cb7784:   mov		w1, #-0x2a
  0x0000000104cb7788:   bl		#0x104b40840        ; ImmutableOopMap {[104]=Oop [208]=Oop }
                                                            ;*aastore {reexecute=1 rethrow=0 return_oop=0 return_scalarized=0}
                                                            ; - (reexecute) compiler.valhalla.inlinetypes.TestArrays::test5@110 (line 308)
                                                            ;   {runtime_call UncommonTrapBlob}
  0x0000000104cb778c:   nop		                    ;   {post_call_nop}
  0x0000000104cb7790:   movk		xzr, #0x704
  0x0000000104cb7794:   movk		xzr, #0x200
 ;; uncommon trap returned which should never happen
 ;; 0x88140B800
  0x0000000104cb7798:   mov		x0, #0xb800         ;   {external_word}
  0x0000000104cb779c:   movk		x0, #0x8140, lsl #16
  0x0000000104cb77a0:   movk		x0, #8, lsl #32
  0x0000000104cb77a4:   dcps1		#0xdeae
 ;; B25: #	out( B61 B26 ) <- in( B1 )  Freq: 0.1
  0x0000000104cb77a8:   ldr		x14, [x28, #0x1b8]
  0x0000000104cb77ac:   ldr		x11, [x28, #0x1c8]
  0x0000000104cb77b0:   add		x13, x14, #0x510
 ;; 0xA
  0x0000000104cb77b4:   mov		w2, #0xa
  0x0000000104cb77b8:   cmp		x13, x11
  0x0000000104cb77bc:   b.hs		#0x104cb7e78
 ;; B26: #	out( B27 ) <- in( B25 )  Freq: 0.09999
  0x0000000104cb77c0:   str		x13, [x28, #0x1b8]
  0x0000000104cb77c4:   ldr		x10, [x10, #0xa0]
  0x0000000104cb77c8:   str		x10, [x14]
  0x0000000104cb77cc:   prfm		pstl1keep, [x13, #0x180]
  0x0000000104cb77d0:   str		w12, [x14, #8]
  0x0000000104cb77d4:   prfm		pstl1keep, [x13, #0x200]
  0x0000000104cb77d8:   add		x10, x14, #0x10
  0x0000000104cb77dc:   str		w2, [x14, #0xc]
 ;; 0xA0
  0x0000000104cb77e0:   mov		x11, #0xa0
  0x0000000104cb77e4:   prfm		pstl1keep, [x13, #0x280]
 ;; zero_words {
  0x0000000104cb77e8:   subs		x8, x11, #8
  0x0000000104cb77ec:   b.lo		#0x104cb77f4
  0x0000000104cb77f0:   bl		#0x104ba8fc0        ;   {runtime_call Stub::zero_blocks_stub (stub gen)}
  0x0000000104cb77f4:   tbz		w11, #2, #0x104cb7800
  0x0000000104cb77f8:   stp		xzr, xzr, [x10], #0x10
  0x0000000104cb77fc:   stp		xzr, xzr, [x10], #0x10
  0x0000000104cb7800:   tbz		w11, #1, #0x104cb7808
  0x0000000104cb7804:   stp		xzr, xzr, [x10], #0x10
  0x0000000104cb7808:   tbz		w11, #0, #0x104cb7810
  0x0000000104cb780c:   str		xzr, [x10]          ;*invokespecial <init> {reexecute=0 rethrow=0 return_oop=0 return_scalarized=0}
                                                            ; - compiler.valhalla.inlinetypes.MyAbstract::<init>@1 (line 29)
                                                            ; - compiler.valhalla.inlinetypes.MyValue1::<init>@63 (line 65)
                                                            ; - compiler.valhalla.inlinetypes.MyValue1::setC@41 (line 165)
                                                            ; - compiler.valhalla.inlinetypes.MyValue1::createWithFieldsInline@136 (line 108)
                                                            ; - compiler.valhalla.inlinetypes.TestArrays::test5@80 (line 303)
 ;; } zero_words
 ;; B27: #	out( B29 ) <- in( B62 B26 )  Freq: 0.1
  0x0000000104cb7810:   mov		w13, wzr
 ;; 0x1
  0x0000000104cb7814:   mov		w10, #1             ;*invokestatic newNullRestrictedNonAtomicArray {reexecute=0 rethrow=0 return_oop=0 return_scalarized=0}
                                                            ; - compiler.valhalla.inlinetypes.TestArrays::test5@52 (line 301)
  0x0000000104cb7818:   mov		w15, wzr
  0x0000000104cb781c:   b		#0x104cb782c
 ;; B28: #	out( B29 ) <- in( B35 ) top-of-loop Freq: 0.9
  0x0000000104cb7820:   ldr		w13, [sp, #0x44]
  0x0000000104cb7824:   ldr		x14, [sp, #0x50]
  0x0000000104cb7828:   ldr		w10, [sp, #0x80]
 ;; B29: #	out( B52 B30 ) <- in( B27 B28 ) Loop( B29-B28 inner ) Freq: 1
  0x0000000104cb782c:   ldr		x0, [x28, #0x1b8]   ;*invokespecial <init> {reexecute=0 rethrow=0 return_oop=0 return_scalarized=0}
                                                            ; - compiler.valhalla.inlinetypes.MyAbstract::<init>@1 (line 29)
                                                            ; - compiler.valhalla.inlinetypes.MyValue1::<init>@63 (line 65)
                                                            ; - compiler.valhalla.inlinetypes.MyValue1::setC@41 (line 165)
                                                            ; - compiler.valhalla.inlinetypes.MyValue1::createWithFieldsInline@136 (line 108)
                                                            ; - compiler.valhalla.inlinetypes.TestArrays::test5@80 (line 303)
 ;; 0x884D74068
  0x0000000104cb7830:   mov		x16, #0             ;   {oop(a 'java/lang/Class'{0x0000000b84800000} = 'compiler/valhalla/inlinetypes/MyValue1')}
  0x0000000104cb7834:   movk		x16, #0x8480, lsl #16
  0x0000000104cb7838:   movk		x16, #0xb, lsl #32
  0x0000000104cb783c:   sxtw		x1, w15             ;*i2l {reexecute=0 rethrow=0 return_oop=0 return_scalarized=0}
                                                            ; - compiler.valhalla.inlinetypes.TestArrays::test5@78 (line 303)
  0x0000000104cb7840:   ldr		x11, [x28, #0x1c8]  ;*invokespecial <init> {reexecute=0 rethrow=0 return_oop=0 return_scalarized=0}
                                                            ; - compiler.valhalla.inlinetypes.MyAbstract::<init>@1 (line 29)
                                                            ; - compiler.valhalla.inlinetypes.MyValue1::<init>@63 (line 65)
                                                            ; - compiler.valhalla.inlinetypes.MyValue1::setC@41 (line 165)
                                                            ; - compiler.valhalla.inlinetypes.MyValue1::createWithFieldsInline@136 (line 108)
                                                            ; - compiler.valhalla.inlinetypes.TestArrays::test5@80 (line 303)
  0x0000000104cb7844:   str		wzr, [x16, #0x90]   ;*putstatic s {reexecute=0 rethrow=0 return_oop=0 return_scalarized=0}
                                                            ; - compiler.valhalla.inlinetypes.MyValue1::<init>@1 (line 66)
                                                            ; - compiler.valhalla.inlinetypes.MyValue1::createDefaultInline@20 (line 86)
                                                            ; - compiler.valhalla.inlinetypes.MyValue1::createWithFieldsInline@0 (line 96)
                                                            ; - compiler.valhalla.inlinetypes.TestArrays::test5@80 (line 303)
  0x0000000104cb7848:   add		x12, x0, #0x18      ;*invokespecial <init> {reexecute=0 rethrow=0 return_oop=0 return_scalarized=0}
                                                            ; - compiler.valhalla.inlinetypes.MyAbstract::<init>@1 (line 29)
                                                            ; - compiler.valhalla.inlinetypes.MyValue1::<init>@63 (line 65)
                                                            ; - compiler.valhalla.inlinetypes.MyValue1::setC@41 (line 165)
                                                            ; - compiler.valhalla.inlinetypes.MyValue1::createWithFieldsInline@136 (line 108)
                                                            ; - compiler.valhalla.inlinetypes.TestArrays::test5@80 (line 303)
  0x0000000104cb784c:   sub		w17, w15, #0x16f    ;*iadd {reexecute=0 rethrow=0 return_oop=0 return_scalarized=0}
                                                            ; - compiler.valhalla.inlinetypes.TestArrays::test5@73 (line 303)
  0x0000000104cb7850:   sub		x16, x1, #0x312     ;*ladd {reexecute=0 rethrow=0 return_oop=0 return_scalarized=0}
                                                            ; - compiler.valhalla.inlinetypes.TestArrays::test5@79 (line 303)
  0x0000000104cb7854:   cmp		x12, x11
  0x0000000104cb7858:   b.hs		#0x104cb7d18
 ;; B30: #	out( B31 ) <- in( B29 )  Freq: 0.9999
 ;; 0xE00005A1C0
  0x0000000104cb785c:   mov		x11, #0xa1c0        ;   {metadata('java/lang/Integer')}
  0x0000000104cb7860:   movk		x11, #5, lsl #16
  0x0000000104cb7864:   movk		x11, #0xe0, lsl #32
  0x0000000104cb7868:   str		x12, [x28, #0x1b8]
  0x0000000104cb786c:   ldr		x11, [x11, #0xa0]
  0x0000000104cb7870:   str		x11, [x0]
  0x0000000104cb7874:   mov		x11, #0x50000       ;   {metadata('java/lang/Integer')}
  0x0000000104cb7878:   movk		x11, #0xa1c0
 ;; merged str pair
  0x0000000104cb787c:   stp		w11, wzr, [x0, #8]
  0x0000000104cb7880:   prfm		pstl1keep, [x12, #0x180]
  0x0000000104cb7884:   str		wzr, [x0, #0x14]
 ;; B31: #	out( B54 B32 ) <- in( B53 B30 )  Freq: 1
  0x0000000104cb7888:   str		w17, [x0, #0x10]
  0x0000000104cb788c:   dmb		ishst
 ;; merged membar(always)
  0x0000000104cb7890:   ldr		x2, [x28, #0x1b8]
  0x0000000104cb7894:   ldr		x11, [x28, #0x1c8]
  0x0000000104cb7898:   add		x12, x2, #0x18      ;*putfield o {reexecute=0 rethrow=0 return_oop=0 return_scalarized=0}
                                                            ; - compiler.valhalla.inlinetypes.MyValue1::<init>@23 (line 70)
                                                            ; - compiler.valhalla.inlinetypes.MyValue1::setO@41 (line 155)
                                                            ; - compiler.valhalla.inlinetypes.MyValue1::createWithFieldsInline@32 (line 101)
                                                            ; - compiler.valhalla.inlinetypes.TestArrays::test5@80 (line 303)
  0x0000000104cb789c:   cmp		x12, x11
  0x0000000104cb78a0:   b.hs		#0x104cb7d80
 ;; B32: #	out( B33 ) <- in( B31 )  Freq: 0.9999
 ;; 0xE000040F88
  0x0000000104cb78a4:   mov		x11, #0xf88         ;   {metadata({type array int})}
  0x0000000104cb78a8:   movk		x11, #4, lsl #16
  0x0000000104cb78ac:   movk		x11, #0xe0, lsl #32
  0x0000000104cb78b0:   str		x12, [x28, #0x1b8]
  0x0000000104cb78b4:   ldr		x11, [x11, #0xa0]
  0x0000000104cb78b8:   str		x11, [x2]
  0x0000000104cb78bc:   mov		x11, #0x40000       ;   {metadata({type array int})}
  0x0000000104cb78c0:   movk		x11, #0xf88
  0x0000000104cb78c4:   str		w11, [x2, #8]
  0x0000000104cb78c8:   prfm		pstl1keep, [x12, #0x180]
  0x0000000104cb78cc:   str		w10, [x2, #0xc]
  0x0000000104cb78d0:   prfm		pstl1keep, [x12, #0x200]
  0x0000000104cb78d4:   str		wzr, [x2, #0x14]
  0x0000000104cb78d8:   prfm		pstl1keep, [x12, #0x280]
  0x0000000104cb78dc:   str		w13, [sp, #0x44]
  0x0000000104cb78e0:   str		x14, [sp, #0x50]
  0x0000000104cb78e4:   str		w15, [sp, #0x68]
 ;; merged str pair
  0x0000000104cb78e8:   stp		x0, x1, [sp, #0x70]
  0x0000000104cb78ec:   str		w10, [sp, #0x80]
  0x0000000104cb78f0:   str		x16, [sp, #0x88]    ;*newarray {reexecute=0 rethrow=0 return_oop=0 return_scalarized=0}
                                                            ; - compiler.valhalla.inlinetypes.MyValue1::createWithFieldsInline@37 (line 102)
                                                            ; - compiler.valhalla.inlinetypes.TestArrays::test5@80 (line 303)
 ;; B33: #	out( B56 B34 ) <- in( B55 B32 )  Freq: 1
  0x0000000104cb78f4:   str		w17, [x2, #0x10]
  0x0000000104cb78f8:   dmb		ishst               ;*invokespecial <init> {reexecute=0 rethrow=0 return_oop=0 return_scalarized=0}
                                                            ; - compiler.valhalla.inlinetypes.MyAbstract::<init>@1 (line 29)
                                                            ; - compiler.valhalla.inlinetypes.MyValue1::<init>@63 (line 65)
                                                            ; - compiler.valhalla.inlinetypes.MyValue1::setC@41 (line 165)
                                                            ; - compiler.valhalla.inlinetypes.MyValue1::createWithFieldsInline@136 (line 108)
                                                            ; - compiler.valhalla.inlinetypes.TestArrays::test5@80 (line 303)
 ;; 0x884D74068
  0x0000000104cb78fc:   mov		x12, #0             ;   {oop(a 'java/lang/Class'{0x0000000b84800000} = 'compiler/valhalla/inlinetypes/MyValue1')}
  0x0000000104cb7900:   movk		x12, #0x8480, lsl #16
  0x0000000104cb7904:   movk		x12, #0xb, lsl #32
  0x0000000104cb7908:   str		wzr, [x12, #0x90]   ;*putstatic s {reexecute=0 rethrow=0 return_oop=0 return_scalarized=0}
                                                            ; - compiler.valhalla.inlinetypes.MyValue1::<init>@1 (line 66)
                                                            ; - compiler.valhalla.inlinetypes.MyValue1::setOA@41 (line 160)
                                                            ; - compiler.valhalla.inlinetypes.MyValue1::createWithFieldsInline@48 (line 103)
                                                            ; - compiler.valhalla.inlinetypes.TestArrays::test5@80 (line 303)
  0x0000000104cb790c:   ldr		x12, [sp, #0x78]    ;*invokespecial <init> {reexecute=0 rethrow=0 return_oop=0 return_scalarized=0}
                                                            ; - compiler.valhalla.inlinetypes.MyAbstract::<init>@1 (line 29)
                                                            ; - compiler.valhalla.inlinetypes.MyValue1::<init>@63 (line 65)
                                                            ; - compiler.valhalla.inlinetypes.MyValue1::setC@41 (line 165)
                                                            ; - compiler.valhalla.inlinetypes.MyValue1::createWithFieldsInline@136 (line 108)
                                                            ; - compiler.valhalla.inlinetypes.TestArrays::test5@80 (line 303)
  0x0000000104cb7910:   sub		x13, x12, #0x311    ;*ladd {reexecute=0 rethrow=0 return_oop=0 return_scalarized=0}
                                                            ; - compiler.valhalla.inlinetypes.MyValue1::createWithFieldsInline@71 (line 105)
                                                            ; - compiler.valhalla.inlinetypes.TestArrays::test5@80 (line 303)
  0x0000000104cb7914:   ldr		w11, [sp, #0x68]
  0x0000000104cb7918:   str		x13, [sp, #0x60]
  0x0000000104cb791c:   ldr		x0, [x28, #0x1b8]   ;*invokespecial <init> {reexecute=0 rethrow=0 return_oop=0 return_scalarized=0}
                                                            ; - compiler.valhalla.inlinetypes.MyAbstract::<init>@1 (line 29)
                                                            ; - compiler.valhalla.inlinetypes.MyValue1::<init>@63 (line 65)
                                                            ; - compiler.valhalla.inlinetypes.MyValue1::setC@41 (line 165)
                                                            ; - compiler.valhalla.inlinetypes.MyValue1::createWithFieldsInline@136 (line 108)
                                                            ; - compiler.valhalla.inlinetypes.TestArrays::test5@80 (line 303)
  0x0000000104cb7920:   sub		w11, w11, #0x16d    ;*iadd {reexecute=0 rethrow=0 return_oop=0 return_scalarized=0}
                                                            ; - compiler.valhalla.inlinetypes.MyValue1::createWithFieldsInline@87 (line 106)
                                                            ; - compiler.valhalla.inlinetypes.TestArrays::test5@80 (line 303)
  0x0000000104cb7924:   ldr		w13, [sp, #0x68]    ;*invokespecial <init> {reexecute=0 rethrow=0 return_oop=0 return_scalarized=0}
                                                            ; - compiler.valhalla.inlinetypes.MyAbstract::<init>@1 (line 29)
                                                            ; - compiler.valhalla.inlinetypes.MyValue1::<init>@63 (line 65)
                                                            ; - compiler.valhalla.inlinetypes.MyValue1::setC@41 (line 165)
                                                            ; - compiler.valhalla.inlinetypes.MyValue1::createWithFieldsInline@136 (line 108)
                                                            ; - compiler.valhalla.inlinetypes.TestArrays::test5@80 (line 303)
  0x0000000104cb7928:   sub		w13, w13, #0x16e    ;*iadd {reexecute=0 rethrow=0 return_oop=0 return_scalarized=0}
                                                            ; - compiler.valhalla.inlinetypes.MyValue1::createWithFieldsInline@68 (line 105)
                                                            ; - compiler.valhalla.inlinetypes.TestArrays::test5@80 (line 303)
  0x0000000104cb792c:   ldr		x10, [x28, #0x1c8]
  0x0000000104cb7930:   str		w11, [sp, #0x4c]    ;*newarray {reexecute=0 rethrow=0 return_oop=0 return_scalarized=0}
                                                            ; - compiler.valhalla.inlinetypes.MyValue1::createWithFieldsInline@37 (line 102)
                                                            ; - compiler.valhalla.inlinetypes.TestArrays::test5@80 (line 303)
  0x0000000104cb7934:   sub		x12, x12, #0x310    ;*ladd {reexecute=0 rethrow=0 return_oop=0 return_scalarized=0}
                                                            ; - compiler.valhalla.inlinetypes.MyValue1::createWithFieldsInline@92 (line 106)
                                                            ; - compiler.valhalla.inlinetypes.TestArrays::test5@80 (line 303)
  0x0000000104cb7938:   add		x11, x0, #0x28
  0x0000000104cb793c:   str		w17, [sp, #0x48]
  0x0000000104cb7940:   str		x2, [sp, #0x58]
  0x0000000104cb7944:   str		w13, [sp, #0x6c]
  0x0000000104cb7948:   str		x12, [sp, #0x90]
  0x0000000104cb794c:   cmp		x11, x10
  0x0000000104cb7950:   b.hs		#0x104cb7de8
 ;; B34: #	out( B35 ) <- in( B33 )  Freq: 0.9999
 ;; 0xE0000CC000
  0x0000000104cb7954:   mov		x10, #0xc000        ;   {metadata('compiler/valhalla/inlinetypes/MyValue2')}
  0x0000000104cb7958:   movk		x10, #0xc, lsl #16
  0x0000000104cb795c:   movk		x10, #0xe0, lsl #32
  0x0000000104cb7960:   str		x11, [x28, #0x1b8]
  0x0000000104cb7964:   ldr		x10, [x10, #0xa0]
  0x0000000104cb7968:   str		x10, [x0]
  0x0000000104cb796c:   mov		x10, #0xc0000       ;   {metadata('compiler/valhalla/inlinetypes/MyValue2')}
  0x0000000104cb7970:   movk		x10, #0xc000
 ;; merged str pair
  0x0000000104cb7974:   stp		w10, wzr, [x0, #8]
  0x0000000104cb7978:   prfm		pstl1keep, [x11, #0x180]
  0x0000000104cb797c:   str		wzr, [x0, #0x24]
 ;; B35: #	out( B28 B36 ) <- in( B57 B34 )  Freq: 1
 ;; 0x400721EC7A01A74C
  0x0000000104cb7980:   mov		x10, #0xa74c
  0x0000000104cb7984:   movk		x10, #0x7a01, lsl #16
  0x0000000104cb7988:   movk		x10, #0x21ec, lsl #32
  0x0000000104cb798c:   movk		x10, #0x4007, lsl #48
  0x0000000104cb7990:   str		x10, [x0, #0x10]
  0x0000000104cb7994:   ldr		x10, [sp, #0x90]    ;*invokespecial <init> {reexecute=0 rethrow=0 return_oop=0 return_scalarized=0}
                                                            ; - compiler.valhalla.inlinetypes.MyAbstract::<init>@1 (line 29)
                                                            ; - compiler.valhalla.inlinetypes.MyValue1::<init>@63 (line 65)
                                                            ; - compiler.valhalla.inlinetypes.MyValue1::setC@41 (line 165)
                                                            ; - compiler.valhalla.inlinetypes.MyValue1::createWithFieldsInline@136 (line 108)
                                                            ; - compiler.valhalla.inlinetypes.TestArrays::test5@80 (line 303)
  0x0000000104cb7998:   str		x10, [x0, #0x18]    ;*putfield v4 {reexecute=0 rethrow=0 return_oop=0 return_scalarized=0}
                                                            ; - compiler.valhalla.inlinetypes.MyValue1::<init>@47 (line 74)
                                                            ; - compiler.valhalla.inlinetypes.MyValue1::setV4@41 (line 180)
                                                            ; - compiler.valhalla.inlinetypes.MyValue1::createWithFieldsInline@103 (line 106)
                                                            ; - compiler.valhalla.inlinetypes.TestArrays::test5@80 (line 303)
  0x0000000104cb799c:   ldr		w11, [sp, #0x4c]    ;*invokespecial <init> {reexecute=0 rethrow=0 return_oop=0 return_scalarized=0}
                                                            ; - compiler.valhalla.inlinetypes.MyAbstract::<init>@1 (line 29)
                                                            ; - compiler.valhalla.inlinetypes.MyValue1::<init>@63 (line 65)
                                                            ; - compiler.valhalla.inlinetypes.MyValue1::setC@41 (line 165)
                                                            ; - compiler.valhalla.inlinetypes.MyValue1::createWithFieldsInline@136 (line 108)
                                                            ; - compiler.valhalla.inlinetypes.TestArrays::test5@80 (line 303)
  0x0000000104cb79a0:   str		w11, [x0, #0x20]
  0x0000000104cb79a4:   strb		w11, [x0, #0x24]
  0x0000000104cb79a8:   dmb		ishst               ;*putfield v4 {reexecute=0 rethrow=0 return_oop=0 return_scalarized=0}
                                                            ; - compiler.valhalla.inlinetypes.MyValue1::<init>@47 (line 74)
                                                            ; - compiler.valhalla.inlinetypes.MyValue1::setV4@41 (line 180)
                                                            ; - compiler.valhalla.inlinetypes.MyValue1::createWithFieldsInline@103 (line 106)
                                                            ; - compiler.valhalla.inlinetypes.TestArrays::test5@80 (line 303)
 ;; merged membar(always)
  0x0000000104cb79ac:   ldr		x10, [sp, #0x78]
  0x0000000104cb79b0:   lsl		x10, x10, #7
  0x0000000104cb79b4:   ldr		x11, [sp, #0x50]
  0x0000000104cb79b8:   ldr		w13, [sp, #0x68]    ;*invokespecial <init> {reexecute=0 rethrow=0 return_oop=0 return_scalarized=0}
                                                            ; - compiler.valhalla.inlinetypes.MyAbstract::<init>@1 (line 29)
                                                            ; - compiler.valhalla.inlinetypes.MyValue1::<init>@63 (line 65)
                                                            ; - compiler.valhalla.inlinetypes.MyValue1::setC@41 (line 165)
                                                            ; - compiler.valhalla.inlinetypes.MyValue1::createWithFieldsInline@136 (line 108)
                                                            ; - compiler.valhalla.inlinetypes.TestArrays::test5@80 (line 303)
  0x0000000104cb79bc:   add		x10, x11, x10       ;*aastore {reexecute=0 rethrow=0 return_oop=0 return_scalarized=0}
                                                            ; - compiler.valhalla.inlinetypes.TestArrays::test5@83 (line 303)
  0x0000000104cb79c0:   ldr		w12, [sp, #0x68]    ;*invokespecial <init> {reexecute=0 rethrow=0 return_oop=0 return_scalarized=0}
                                                            ; - compiler.valhalla.inlinetypes.MyAbstract::<init>@1 (line 29)
                                                            ; - compiler.valhalla.inlinetypes.MyValue1::<init>@63 (line 65)
                                                            ; - compiler.valhalla.inlinetypes.MyValue1::setC@41 (line 165)
                                                            ; - compiler.valhalla.inlinetypes.MyValue1::createWithFieldsInline@136 (line 108)
                                                            ; - compiler.valhalla.inlinetypes.TestArrays::test5@80 (line 303)
  0x0000000104cb79c4:   sub		w14, w13, #0x16c    ;*iadd {reexecute=0 rethrow=0 return_oop=0 return_scalarized=0}
                                                            ; - compiler.valhalla.inlinetypes.MyValue1::createWithFieldsInline@110 (line 107)
                                                            ; - compiler.valhalla.inlinetypes.TestArrays::test5@80 (line 303)
  0x0000000104cb79c8:   ldr		x11, [sp, #0x78]
  0x0000000104cb79cc:   add		w12, w12, w12
  0x0000000104cb79d0:   sub		x11, x11, #0x30f
  0x0000000104cb79d4:   ldr		x13, [sp, #0x60]
  0x0000000104cb79d8:   sub		w12, w12, #0x481    ;*invokespecial <init> {reexecute=0 rethrow=0 return_oop=0 return_scalarized=0}
                                                            ; - compiler.valhalla.inlinetypes.MyAbstract::<init>@1 (line 29)
                                                            ; - compiler.valhalla.inlinetypes.MyValue1::<init>@63 (line 65)
                                                            ; - compiler.valhalla.inlinetypes.MyValue1::setC@41 (line 165)
                                                            ; - compiler.valhalla.inlinetypes.MyValue1::createWithFieldsInline@136 (line 108)
                                                            ; - compiler.valhalla.inlinetypes.TestArrays::test5@80 (line 303)
  0x0000000104cb79dc:   str		x13, [x10, #0x38]
  0x0000000104cb79e0:   str		d16, [x10, #0x18]
  0x0000000104cb79e4:   str		d17, [x10, #0x48]
  0x0000000104cb79e8:   str		d18, [x10, #0x30]
  0x0000000104cb79ec:   str		x11, [x10, #0x50]
  0x0000000104cb79f0:   str		w12, [x10, #0x70]   ;*aastore {reexecute=0 rethrow=0 return_oop=0 return_scalarized=0}
                                                            ; - compiler.valhalla.inlinetypes.TestArrays::test5@83 (line 303)
  0x0000000104cb79f4:   ldr		w13, [sp, #0x48]    ;*invokespecial <init> {reexecute=0 rethrow=0 return_oop=0 return_scalarized=0}
                                                            ; - compiler.valhalla.inlinetypes.MyAbstract::<init>@1 (line 29)
                                                            ; - compiler.valhalla.inlinetypes.MyValue1::<init>@63 (line 65)
                                                            ; - compiler.valhalla.inlinetypes.MyValue1::setC@41 (line 165)
                                                            ; - compiler.valhalla.inlinetypes.MyValue1::createWithFieldsInline@136 (line 108)
                                                            ; - compiler.valhalla.inlinetypes.TestArrays::test5@80 (line 303)
  0x0000000104cb79f8:   strb		w13, [x10, #0x2c]
  0x0000000104cb79fc:   str		w13, [x10, #0x28]   ;*aastore {reexecute=0 rethrow=0 return_oop=0 return_scalarized=0}
                                                            ; - compiler.valhalla.inlinetypes.TestArrays::test5@83 (line 303)
  0x0000000104cb7a00:   ldr		w11, [sp, #0x48]    ;*invokespecial <init> {reexecute=0 rethrow=0 return_oop=0 return_scalarized=0}
                                                            ; - compiler.valhalla.inlinetypes.MyAbstract::<init>@1 (line 29)
                                                            ; - compiler.valhalla.inlinetypes.MyValue1::<init>@63 (line 65)
                                                            ; - compiler.valhalla.inlinetypes.MyValue1::setC@41 (line 165)
                                                            ; - compiler.valhalla.inlinetypes.MyValue1::createWithFieldsInline@136 (line 108)
                                                            ; - compiler.valhalla.inlinetypes.TestArrays::test5@80 (line 303)
  0x0000000104cb7a04:   strh		w11, [x10, #0x5e]   ;*aastore {reexecute=0 rethrow=0 return_oop=0 return_scalarized=0}
                                                            ; - compiler.valhalla.inlinetypes.TestArrays::test5@83 (line 303)
  0x0000000104cb7a08:   ldr		w12, [sp, #0x6c]    ;*invokespecial <init> {reexecute=0 rethrow=0 return_oop=0 return_scalarized=0}
                                                            ; - compiler.valhalla.inlinetypes.MyAbstract::<init>@1 (line 29)
                                                            ; - compiler.valhalla.inlinetypes.MyValue1::<init>@63 (line 65)
                                                            ; - compiler.valhalla.inlinetypes.MyValue1::setC@41 (line 165)
                                                            ; - compiler.valhalla.inlinetypes.MyValue1::createWithFieldsInline@136 (line 108)
                                                            ; - compiler.valhalla.inlinetypes.TestArrays::test5@80 (line 303)
  0x0000000104cb7a0c:   str		w12, [x10, #0x40]   ;*aastore {reexecute=0 rethrow=0 return_oop=0 return_scalarized=0}
                                                            ; - compiler.valhalla.inlinetypes.TestArrays::test5@83 (line 303)
  0x0000000104cb7a10:   ldr		w13, [sp, #0x6c]    ;*invokespecial <init> {reexecute=0 rethrow=0 return_oop=0 return_scalarized=0}
                                                            ; - compiler.valhalla.inlinetypes.MyAbstract::<init>@1 (line 29)
                                                            ; - compiler.valhalla.inlinetypes.MyValue1::<init>@63 (line 65)
                                                            ; - compiler.valhalla.inlinetypes.MyValue1::setC@41 (line 165)
                                                            ; - compiler.valhalla.inlinetypes.MyValue1::createWithFieldsInline@136 (line 108)
                                                            ; - compiler.valhalla.inlinetypes.TestArrays::test5@80 (line 303)
  0x0000000104cb7a14:   strb		w13, [x10, #0x44]
  0x0000000104cb7a18:   str		w14, [x10, #0x58]
  0x0000000104cb7a1c:   strb		w14, [x10, #0x5c]   ;*aastore {reexecute=0 rethrow=0 return_oop=0 return_scalarized=0}
                                                            ; - compiler.valhalla.inlinetypes.TestArrays::test5@83 (line 303)
  0x0000000104cb7a20:   ldr		x11, [sp, #0x88]    ;*invokespecial <init> {reexecute=0 rethrow=0 return_oop=0 return_scalarized=0}
                                                            ; - compiler.valhalla.inlinetypes.MyAbstract::<init>@1 (line 29)
                                                            ; - compiler.valhalla.inlinetypes.MyValue1::<init>@63 (line 65)
                                                            ; - compiler.valhalla.inlinetypes.MyValue1::setC@41 (line 165)
                                                            ; - compiler.valhalla.inlinetypes.MyValue1::createWithFieldsInline@136 (line 108)
                                                            ; - compiler.valhalla.inlinetypes.TestArrays::test5@80 (line 303)
  0x0000000104cb7a24:   str		x11, [x10, #0x10]
  0x0000000104cb7a28:   str		x11, [x10, #0x20]   ;*aastore {reexecute=0 rethrow=0 return_oop=0 return_scalarized=0}
                                                            ; - compiler.valhalla.inlinetypes.TestArrays::test5@83 (line 303)
  0x0000000104cb7a2c:   add		x17, x10, #0x60
  0x0000000104cb7a30:   add		x15, x10, #0x64
  0x0000000104cb7a34:   ldr		w12, [sp, #0x48]
  0x0000000104cb7a38:   add		x16, x10, #0x68
  0x0000000104cb7a3c:   str		w12, [x10, #0x6c]
  0x0000000104cb7a40:   ldr		x1, [sp, #0x70]
 ;; 0x884D74068
  0x0000000104cb7a44:   mov		x10, #0             ;   {oop(a 'java/lang/Class'{0x0000000b84800000} = 'compiler/valhalla/inlinetypes/MyValue1')}
  0x0000000104cb7a48:   movk		x10, #0x8480, lsl #16
  0x0000000104cb7a4c:   movk		x10, #0xb, lsl #32
  0x0000000104cb7a50:   ldrb		w14, [x28, #0x48]
  0x0000000104cb7a54:   cbnz		w14, #0x104cb8230
  0x0000000104cb7a58:   cbnz		x1, #0x104cb7a6c
 ;; null oop passed to encode_heap_oop_not_null2
 ;; 0x10A050D04
  0x0000000104cb7a5c:   mov		x0, #0xd04          ;   {external_word}
  0x0000000104cb7a60:   movk		x0, #0xa05, lsl #16
  0x0000000104cb7a64:   movk		x0, #1, lsl #32
  0x0000000104cb7a68:   dcps1		#0xdeae
  0x0000000104cb7a6c:   sub		x11, x1, x27
  0x0000000104cb7a70:   lsr		x11, x11, #3
  0x0000000104cb7a74:   str		w11, [x17]
  0x0000000104cb7a78:   eor		x14, x17, x1
  0x0000000104cb7a7c:   lsr		x14, x14, #0x17
  0x0000000104cb7a80:   cbz		x14, #0x104cb7a98
  0x0000000104cb7a84:   lsr		x14, x17, #9
  0x0000000104cb7a88:   ldr		x13, [x28, #0x50]
  0x0000000104cb7a8c:   ldrb		w8, [x14, x13]
  0x0000000104cb7a90:   tbz		w8, #0, #0x104cb7a98
  0x0000000104cb7a94:   strb		wzr, [x14, x13]
  0x0000000104cb7a98:   str		wzr, [x10, #0x90]
  0x0000000104cb7a9c:   ldrb		w11, [x28, #0x48]
  0x0000000104cb7aa0:   cbnz		w11, #0x104cb82a0
  0x0000000104cb7aa4:   cbnz		x0, #0x104cb7ab8
 ;; null oop passed to encode_heap_oop_not_null2
 ;; 0x10A050D04
  0x0000000104cb7aa8:   mov		x0, #0xd04          ;   {external_word}
  0x0000000104cb7aac:   movk		x0, #0xa05, lsl #16
  0x0000000104cb7ab0:   movk		x0, #1, lsl #32
  0x0000000104cb7ab4:   dcps1		#0xdeae
  0x0000000104cb7ab8:   sub		x10, x0, x27
  0x0000000104cb7abc:   lsr		x10, x10, #3
  0x0000000104cb7ac0:   str		w10, [x16]
  0x0000000104cb7ac4:   eor		x11, x16, x0
  0x0000000104cb7ac8:   lsr		x11, x11, #0x17
  0x0000000104cb7acc:   cbz		x11, #0x104cb7ae4
  0x0000000104cb7ad0:   lsr		x11, x16, #9
  0x0000000104cb7ad4:   ldr		x12, [x28, #0x50]
  0x0000000104cb7ad8:   ldrb		w8, [x11, x12]
  0x0000000104cb7adc:   tbz		w8, #0, #0x104cb7ae4
  0x0000000104cb7ae0:   strb		wzr, [x11, x12]
  0x0000000104cb7ae4:   ldr		x13, [sp, #0x58]
  0x0000000104cb7ae8:   ldrb		w10, [x28, #0x48]
  0x0000000104cb7aec:   cbnz		w10, #0x104cb8308
  0x0000000104cb7af0:   cbnz		x13, #0x104cb7b04
 ;; null oop passed to encode_heap_oop_not_null2
 ;; 0x10A050D04
  0x0000000104cb7af4:   mov		x0, #0xd04          ;   {external_word}
  0x0000000104cb7af8:   movk		x0, #0xa05, lsl #16
  0x0000000104cb7afc:   movk		x0, #1, lsl #32
  0x0000000104cb7b00:   dcps1		#0xdeae
  0x0000000104cb7b04:   sub		x11, x13, x27
  0x0000000104cb7b08:   lsr		x11, x11, #3
  0x0000000104cb7b0c:   str		w11, [x15]
  0x0000000104cb7b10:   eor		x10, x15, x13
  0x0000000104cb7b14:   lsr		x10, x10, #0x17
  0x0000000104cb7b18:   cbz		x10, #0x104cb7b30
  0x0000000104cb7b1c:   lsr		x10, x15, #9
  0x0000000104cb7b20:   ldr		x12, [x28, #0x50]
  0x0000000104cb7b24:   ldrb		w8, [x10, x12]
  0x0000000104cb7b28:   tbz		w8, #0, #0x104cb7b30
  0x0000000104cb7b2c:   strb		wzr, [x10, x12]
  0x0000000104cb7b30:   ldr		w11, [sp, #0x68]    ;*invokespecial <init> {reexecute=0 rethrow=0 return_oop=0 return_scalarized=0}
                                                            ; - compiler.valhalla.inlinetypes.MyAbstract::<init>@1 (line 29)
                                                            ; - compiler.valhalla.inlinetypes.MyValue1::<init>@63 (line 65)
                                                            ; - compiler.valhalla.inlinetypes.MyValue1::setC@41 (line 165)
                                                            ; - compiler.valhalla.inlinetypes.MyValue1::createWithFieldsInline@136 (line 108)
                                                            ; - compiler.valhalla.inlinetypes.TestArrays::test5@80 (line 303)
  0x0000000104cb7b34:   add		w15, w11, #1        ;*iinc {reexecute=0 rethrow=0 return_oop=0 return_scalarized=0}
                                                            ; - compiler.valhalla.inlinetypes.TestArrays::test5@84 (line 302)
  0x0000000104cb7b38:   cmp		w15, #0xa
  0x0000000104cb7b3c:   b.lt		#0x104cb7820
 ;; B36: #	out( B13 ) <- in( B35 )  Freq: 0.1
  0x0000000104cb7b40:   mov		w29, wzr
  0x0000000104cb7b44:   b		#0x104cb75e0
 ;; B37: #	out( B75 B38 ) <- in( B16 )  Freq: 0.099998
  0x0000000104cb7b48:   str		d16, [sp, #0x48]    ;*invokespecial <init> {reexecute=0 rethrow=0 return_oop=0 return_scalarized=0}
                                                            ; - compiler.valhalla.inlinetypes.MyAbstract::<init>@1 (line 29)
                                                            ; - compiler.valhalla.inlinetypes.MyValue1::<init>@63 (line 65)
                                                            ; - compiler.valhalla.inlinetypes.MyValue1::setC@41 (line 165)
                                                            ; - compiler.valhalla.inlinetypes.MyValue1::createWithFieldsInline@136 (line 108)
                                                            ; - compiler.valhalla.inlinetypes.TestArrays::test5@80 (line 303)
  0x0000000104cb7b4c:   add		x2, x0, #1          ;*ladd {reexecute=0 rethrow=0 return_oop=0 return_scalarized=0}
                                                            ; - compiler.valhalla.inlinetypes.TestArrays::test5@123 (line 310)
 ;; 0xFFFFFE92
  0x0000000104cb7b50:   mov		w1, #-0x16e
  0x0000000104cb7b54:   bl		#0x104bce140        ; ImmutableOopMap {[80]=Oop [104]=Oop }
                                                            ;*invokestatic createWithFieldsDontInline {reexecute=0 rethrow=0 return_oop=1 return_scalarized=0}
                                                            ; - compiler.valhalla.inlinetypes.TestArrays::test5@124 (line 310)
                                                            ;   {static_call}
  0x0000000104cb7b58:   nop		                    ;   {post_call_nop}
  0x0000000104cb7b5c:   movk		xzr, #0xad0
  0x0000000104cb7b60:   movk		xzr, #0x300
 ;; B38: #	out( B66 B39 ) <- in( B37 )  Freq: 0.099996
  0x0000000104cb7b64:   ldr		w12, [x0, #0x60]    ; implicit exception: dispatches to 0x0000000104cb7f88
 ;; B39: #	out( B58 B40 ) <- in( B38 )  Freq: 0.0999959
 ;; merged ldr pair
  0x0000000104cb7b68:   ldp		w14, w21, [x0, #0x64]
  0x0000000104cb7b6c:   cbz		w12, #0x104cb7e2c   ;*invokespecial <init> {reexecute=0 rethrow=0 return_oop=0 return_scalarized=0}
                                                            ; - compiler.valhalla.inlinetypes.MyAbstract::<init>@1 (line 29)
                                                            ; - compiler.valhalla.inlinetypes.MyValue1::<init>@63 (line 65)
                                                            ; - compiler.valhalla.inlinetypes.MyValue1::setC@41 (line 165)
                                                            ; - compiler.valhalla.inlinetypes.MyValue1::createWithFieldsInline@136 (line 108)
                                                            ; - compiler.valhalla.inlinetypes.TestArrays::test5@80 (line 303)
 ;; B40: #	out( B41 ) <- in( B39 )  Freq: 0.0998959
  0x0000000104cb7b70:   add		x10, x27, x12, lsl #3
  0x0000000104cb7b74:   ldr		w6, [x10, #0x10]
 ;; B41: #	out( B64 B42 ) <- in( B40 B58 )  Freq: 0.0999959
  0x0000000104cb7b78:   cbnz		w21, #0x104cb7ed0
 ;; B42: #	out( B43 ) <- in( B41 )  Freq: 0.0999958
  0x0000000104cb7b7c:   mov		x23, xzr
  0x0000000104cb7b80:   mov		w16, wzr
  0x0000000104cb7b84:   ldr		w20, [sp, #0x44]
  0x0000000104cb7b88:   ldr		d19, [sp, #0x48]
 ;; B43: #	out( B44 ) <- in( B64 B42 )  Freq: 0.0999959
  0x0000000104cb7b8c:   ldr		d18, [x0, #0x18]
  0x0000000104cb7b90:   ldr		d17, [x0, #0x30]
  0x0000000104cb7b94:   ldr		d16, [x0, #0x48]
  0x0000000104cb7b98:   ldr		w15, [x0, #0x6c]
  0x0000000104cb7b9c:   ldr		x29, [x0, #0x10]
  0x0000000104cb7ba0:   ldrsh		w1, [x0, #0x5e]
  0x0000000104cb7ba4:   ldr		w17, [x0, #0x70]
  0x0000000104cb7ba8:   ldr		x10, [x0, #0x50]
  0x0000000104cb7bac:   ldrsb		w3, [x0, #0x5c]
  0x0000000104cb7bb0:   ldr		w2, [x0, #0x58]
  0x0000000104cb7bb4:   ldr		x11, [x0, #0x38]
  0x0000000104cb7bb8:   ldrsb		w5, [x0, #0x44]
  0x0000000104cb7bbc:   ldr		w4, [x0, #0x40]     ;*invokestatic createWithFieldsDontInline {reexecute=0 rethrow=0 return_oop=0 return_scalarized=0}
                                                            ; - compiler.valhalla.inlinetypes.TestArrays::test5@124 (line 310)
  0x0000000104cb7bc0:   cmp		w21, wzr            ;*invokespecial <init> {reexecute=0 rethrow=0 return_oop=0 return_scalarized=0}
                                                            ; - compiler.valhalla.inlinetypes.MyAbstract::<init>@1 (line 29)
                                                            ; - compiler.valhalla.inlinetypes.MyValue1::<init>@63 (line 65)
                                                            ; - compiler.valhalla.inlinetypes.MyValue1::setC@41 (line 165)
                                                            ; - compiler.valhalla.inlinetypes.MyValue1::createWithFieldsInline@136 (line 108)
                                                            ; - compiler.valhalla.inlinetypes.TestArrays::test5@80 (line 303)
  0x0000000104cb7bc4:   ldr		x22, [x0, #0x20]    ;*invokestatic createWithFieldsDontInline {reexecute=0 rethrow=0 return_oop=0 return_scalarized=0}
                                                            ; - compiler.valhalla.inlinetypes.TestArrays::test5@124 (line 310)
  0x0000000104cb7bc8:   cset		w19, ne             ;*invokespecial <init> {reexecute=0 rethrow=0 return_oop=0 return_scalarized=0}
                                                            ; - compiler.valhalla.inlinetypes.MyAbstract::<init>@1 (line 29)
                                                            ; - compiler.valhalla.inlinetypes.MyValue1::<init>@63 (line 65)
                                                            ; - compiler.valhalla.inlinetypes.MyValue1::setC@41 (line 165)
                                                            ; - compiler.valhalla.inlinetypes.MyValue1::createWithFieldsInline@136 (line 108)
                                                            ; - compiler.valhalla.inlinetypes.TestArrays::test5@80 (line 303)
  0x0000000104cb7bcc:   ldrsb		w7, [x0, #0x2c]     ;*invokestatic createWithFieldsDontInline {reexecute=0 rethrow=0 return_oop=0 return_scalarized=0}
                                                            ; - compiler.valhalla.inlinetypes.TestArrays::test5@124 (line 310)
  0x0000000104cb7bd0:   cmp		w12, wzr            ;*invokespecial <init> {reexecute=0 rethrow=0 return_oop=0 return_scalarized=0}
                                                            ; - compiler.valhalla.inlinetypes.MyAbstract::<init>@1 (line 29)
                                                            ; - compiler.valhalla.inlinetypes.MyValue1::<init>@63 (line 65)
                                                            ; - compiler.valhalla.inlinetypes.MyValue1::setC@41 (line 165)
                                                            ; - compiler.valhalla.inlinetypes.MyValue1::createWithFieldsInline@136 (line 108)
                                                            ; - compiler.valhalla.inlinetypes.TestArrays::test5@80 (line 303)
  0x0000000104cb7bd4:   ldr		w13, [x0, #0x28]    ;*invokestatic createWithFieldsDontInline {reexecute=0 rethrow=0 return_oop=0 return_scalarized=0}
                                                            ; - compiler.valhalla.inlinetypes.TestArrays::test5@124 (line 310)
  0x0000000104cb7bd8:   cset		w12, ne             ;*invokespecial <init> {reexecute=0 rethrow=0 return_oop=0 return_scalarized=0}
                                                            ; - compiler.valhalla.inlinetypes.MyAbstract::<init>@1 (line 29)
                                                            ; - compiler.valhalla.inlinetypes.MyValue1::<init>@63 (line 65)
                                                            ; - compiler.valhalla.inlinetypes.MyValue1::setC@41 (line 165)
                                                            ; - compiler.valhalla.inlinetypes.MyValue1::createWithFieldsInline@136 (line 108)
                                                            ; - compiler.valhalla.inlinetypes.TestArrays::test5@80 (line 303)
  0x0000000104cb7bdc:   cbz		x14, #0x104cb7be4
  0x0000000104cb7be0:   add		x14, x27, x14, lsl #3;*invokestatic createWithFieldsDontInline {reexecute=0 rethrow=0 return_oop=0 return_scalarized=0}
                                                            ; - compiler.valhalla.inlinetypes.TestArrays::test5@124 (line 310)
  0x0000000104cb7be4:   str		w20, [sp, #0x44]
  0x0000000104cb7be8:   str		d18, [sp, #0x48]
  0x0000000104cb7bec:   str		d17, [sp, #0x50]
  0x0000000104cb7bf0:   str		d16, [sp, #0x58]
  0x0000000104cb7bf4:   str		d19, [sp, #0x60]
  0x0000000104cb7bf8:   str		x23, [sp, #0x70]
 ;; merged str pair
  0x0000000104cb7bfc:   stp		w6, w16, [sp, #0x78]
  0x0000000104cb7c00:   str		w15, [sp, #0x84]
  0x0000000104cb7c04:   str		x29, [sp, #0x88]
 ;; merged str pair
  0x0000000104cb7c08:   stp		w1, w17, [sp, #0x90]
  0x0000000104cb7c0c:   str		x10, [sp, #0x98]
 ;; merged str pair
  0x0000000104cb7c10:   stp		w3, w2, [sp, #0xa0]
  0x0000000104cb7c14:   str		x11, [sp, #0xa8]
 ;; merged str pair
  0x0000000104cb7c18:   stp		w5, w4, [sp, #0xb0]
  0x0000000104cb7c1c:   str		x22, [sp, #0xb8]
 ;; merged str pair
  0x0000000104cb7c20:   stp		w7, w13, [sp, #0xc0]
 ;; merged str pair
  0x0000000104cb7c24:   stp		w19, w12, [sp, #0xc8]
  0x0000000104cb7c28:   str		x14, [sp, #0xd0]
 ;; B44: #	out( N1772 ) <- in( B43 B66 )  Freq: 0.099996
 ;; 0xFFFFFFD6
  0x0000000104cb7c2c:   mov		w1, #-0x2a
  0x0000000104cb7c30:   bl		#0x104b40840        ; ImmutableOopMap {[104]=Oop [208]=Oop }
                                                            ;*aastore {reexecute=1 rethrow=0 return_oop=0 return_scalarized=0}
                                                            ; - (reexecute) compiler.valhalla.inlinetypes.TestArrays::test5@127 (line 310)
                                                            ;   {runtime_call UncommonTrapBlob}
  0x0000000104cb7c34:   nop		                    ;   {post_call_nop}
  0x0000000104cb7c38:   movk		xzr, #0xbac
  0x0000000104cb7c3c:   movk		xzr, #0x400         ;*invokespecial <init> {reexecute=0 rethrow=0 return_oop=0 return_scalarized=0}
                                                            ; - compiler.valhalla.inlinetypes.MyAbstract::<init>@1 (line 29)
                                                            ; - compiler.valhalla.inlinetypes.MyValue1::<init>@63 (line 65)
                                                            ; - compiler.valhalla.inlinetypes.MyValue1::setC@41 (line 165)
                                                            ; - compiler.valhalla.inlinetypes.MyValue1::createWithFieldsInline@136 (line 108)
                                                            ; - compiler.valhalla.inlinetypes.TestArrays::test5@80 (line 303)
 ;; uncommon trap returned which should never happen
 ;; 0x88140B800
  0x0000000104cb7c40:   mov		x0, #0xb800         ;   {external_word}
  0x0000000104cb7c44:   movk		x0, #0x8140, lsl #16
  0x0000000104cb7c48:   movk		x0, #8, lsl #32
  0x0000000104cb7c4c:   dcps1		#0xdeae
 ;; B45: #	out( B68 B46 ) <- in( B5 )  Freq: 0.000900149
  0x0000000104cb7c50:   str		d16, [sp, #0x58]
  0x0000000104cb7c54:   str		d17, [sp, #0x60]
  0x0000000104cb7c58:   str		d18, [sp, #0x68]
 ;; 0xE00005A1C0
  0x0000000104cb7c5c:   mov		x1, #0xa1c0         ;   {metadata('java/lang/Integer')}
  0x0000000104cb7c60:   movk		x1, #5, lsl #16
  0x0000000104cb7c64:   movk		x1, #0xe0, lsl #32
  0x0000000104cb7c68:   ldr		w2, [sp, #0x44]
  0x0000000104cb7c6c:   bl		#0x104b41280        ; ImmutableOopMap {[80]=Oop }
                                                            ;*putfield o {reexecute=1 rethrow=0 return_oop=1 return_scalarized=0}
                                                            ; - (reexecute) compiler.valhalla.inlinetypes.MyValue1::<init>@23 (line 70)
                                                            ; - compiler.valhalla.inlinetypes.MyValue1::setO@41 (line 155)
                                                            ; - compiler.valhalla.inlinetypes.MyValue1::createWithFieldsInline@32 (line 101)
                                                            ; - compiler.valhalla.inlinetypes.TestArrays::test5@32 (line 298)
                                                            ;   {runtime_call new_instance_blob (C2 runtime)}
  0x0000000104cb7c70:   nop		                    ;   {post_call_nop}
  0x0000000104cb7c74:   movk		xzr, #0xbe8
  0x0000000104cb7c78:   movk		xzr, #0x500
 ;; B46: #	out( B7 ) <- in( B45 )  Freq: 0.000900131
  0x0000000104cb7c7c:   mov		x12, x0
  0x0000000104cb7c80:   ldr		d16, [sp, #0x58]
  0x0000000104cb7c84:   ldr		d17, [sp, #0x60]
  0x0000000104cb7c88:   ldr		d18, [sp, #0x68]
  0x0000000104cb7c8c:   b		#0x104cb7360
 ;; B47: #	out( B74 B48 ) <- in( B7 )  Freq: 0.000900149
  0x0000000104cb7c90:   str		d16, [sp, #0x60]
  0x0000000104cb7c94:   str		d17, [sp, #0x68]
  0x0000000104cb7c98:   str		d18, [sp, #0x70]
 ;; 0xE000040F88
  0x0000000104cb7c9c:   mov		x1, #0xf88          ;   {metadata({type array int})}
  0x0000000104cb7ca0:   movk		x1, #4, lsl #16
  0x0000000104cb7ca4:   movk		x1, #0xe0, lsl #32
  0x0000000104cb7ca8:   ldr		w2, [sp, #0x80]     ;*invokespecial <init> {reexecute=0 rethrow=0 return_oop=0 return_scalarized=0}
                                                            ; - compiler.valhalla.inlinetypes.MyAbstract::<init>@1 (line 29)
                                                            ; - compiler.valhalla.inlinetypes.MyValue1::<init>@63 (line 65)
                                                            ; - compiler.valhalla.inlinetypes.MyValue1::setC@41 (line 165)
                                                            ; - compiler.valhalla.inlinetypes.MyValue1::createWithFieldsInline@136 (line 108)
                                                            ; - compiler.valhalla.inlinetypes.TestArrays::test5@80 (line 303)
  0x0000000104cb7cac:   mov		x3, xzr
  0x0000000104cb7cb0:   bl		#0x104b41100        ; ImmutableOopMap {[80]=Oop [88]=Oop }
                                                            ;*newarray {reexecute=0 rethrow=0 return_oop=1 return_scalarized=0}
                                                            ; - compiler.valhalla.inlinetypes.MyValue1::createWithFieldsInline@37 (line 102)
                                                            ; - compiler.valhalla.inlinetypes.TestArrays::test5@32 (line 298)
                                                            ;   {runtime_call new_array_blob (C2 runtime)}
  0x0000000104cb7cb4:   nop		                    ;   {post_call_nop}
  0x0000000104cb7cb8:   movk		xzr, #0xc2c
  0x0000000104cb7cbc:   movk		xzr, #0x600
 ;; B48: #	out( B9 ) <- in( B47 )  Freq: 0.000900131
  0x0000000104cb7cc0:   mov		x12, x0
  0x0000000104cb7cc4:   ldr		d16, [sp, #0x60]
  0x0000000104cb7cc8:   ldr		d17, [sp, #0x68]
  0x0000000104cb7ccc:   ldr		d18, [sp, #0x70]
  0x0000000104cb7cd0:   b		#0x104cb73c0
 ;; B49: #	out( B67 B50 ) <- in( B9 )  Freq: 0.000900149
  0x0000000104cb7cd4:   str		d16, [sp, #0x68]
  0x0000000104cb7cd8:   str		d17, [sp, #0x70]
  0x0000000104cb7cdc:   str		d18, [sp, #0x78]
 ;; 0xE0000CC000
  0x0000000104cb7ce0:   mov		x1, #0xc000         ;   {metadata('compiler/valhalla/inlinetypes/MyValue2')}
  0x0000000104cb7ce4:   movk		x1, #0xc, lsl #16
  0x0000000104cb7ce8:   movk		x1, #0xe0, lsl #32
  0x0000000104cb7cec:   ldr		w2, [sp, #0x44]
  0x0000000104cb7cf0:   bl		#0x104b41280        ; ImmutableOopMap {[80]=Oop [88]=Oop [96]=Oop }
                                                            ;*putfield v4 {reexecute=1 rethrow=0 return_oop=1 return_scalarized=0}
                                                            ; - (reexecute) compiler.valhalla.inlinetypes.MyValue1::<init>@47 (line 74)
                                                            ; - compiler.valhalla.inlinetypes.MyValue1::setV4@41 (line 180)
                                                            ; - compiler.valhalla.inlinetypes.MyValue1::createWithFieldsInline@103 (line 106)
                                                            ; - compiler.valhalla.inlinetypes.TestArrays::test5@32 (line 298)
                                                            ;   {runtime_call new_instance_blob (C2 runtime)}
  0x0000000104cb7cf4:   nop		                    ;   {post_call_nop}
  0x0000000104cb7cf8:   movk		xzr, #0xc6c
  0x0000000104cb7cfc:   movk		xzr, #0x700
 ;; B50: #	out( B11 ) <- in( B49 )  Freq: 0.000900131
  0x0000000104cb7d00:   ldr		d16, [sp, #0x68]
  0x0000000104cb7d04:   ldr		d17, [sp, #0x70]
  0x0000000104cb7d08:   ldr		d18, [sp, #0x78]
  0x0000000104cb7d0c:   b		#0x104cb7424
 ;; B51: #	out( B21 ) <- in( B19 )  Freq: 0.000899951
  0x0000000104cb7d10:   mov		w6, wzr
  0x0000000104cb7d14:   b		#0x104cb76d0
 ;; B52: #	out( B70 B53 ) <- in( B29 )  Freq: 0.000100017
  0x0000000104cb7d18:   str		x1, [sp, #0x70]
  0x0000000104cb7d1c:   str		w10, [sp, #0x44]
  0x0000000104cb7d20:   str		d16, [sp, #0x48]
  0x0000000104cb7d24:   str		d17, [sp, #0x50]
  0x0000000104cb7d28:   str		d18, [sp, #0x58]
  0x0000000104cb7d2c:   str		x14, [sp, #0x60]
 ;; merged str pair
  0x0000000104cb7d30:   stp		w15, w17, [sp, #0x68]
  0x0000000104cb7d34:   str		x16, [sp, #0x78]
  0x0000000104cb7d38:   mov		w29, w13
 ;; 0xE00005A1C0
  0x0000000104cb7d3c:   mov		x1, #0xa1c0         ;   {metadata('java/lang/Integer')}
  0x0000000104cb7d40:   movk		x1, #5, lsl #16
  0x0000000104cb7d44:   movk		x1, #0xe0, lsl #32
  0x0000000104cb7d48:   mov		w2, w13
  0x0000000104cb7d4c:   bl		#0x104b41280        ; ImmutableOopMap {[96]=Oop }
                                                            ;*putfield o {reexecute=1 rethrow=0 return_oop=1 return_scalarized=0}
                                                            ; - (reexecute) compiler.valhalla.inlinetypes.MyValue1::<init>@23 (line 70)
                                                            ; - compiler.valhalla.inlinetypes.MyValue1::setO@41 (line 155)
                                                            ; - compiler.valhalla.inlinetypes.MyValue1::createWithFieldsInline@32 (line 101)
                                                            ; - compiler.valhalla.inlinetypes.TestArrays::test5@80 (line 303)
                                                            ;   {runtime_call new_instance_blob (C2 runtime)}
  0x0000000104cb7d50:   nop		                    ;   {post_call_nop}
  0x0000000104cb7d54:   movk		xzr, #0xcc8
  0x0000000104cb7d58:   movk		xzr, #0x800
 ;; B53: #	out( B31 ) <- in( B52 )  Freq: 0.000100015
  0x0000000104cb7d5c:   mov		w13, w29
  0x0000000104cb7d60:   ldr		w10, [sp, #0x44]
  0x0000000104cb7d64:   ldr		d16, [sp, #0x48]
  0x0000000104cb7d68:   ldr		d17, [sp, #0x50]
  0x0000000104cb7d6c:   ldr		d18, [sp, #0x58]
  0x0000000104cb7d70:   ldr		x14, [sp, #0x60]
 ;; merged ldr pair
  0x0000000104cb7d74:   ldp		w15, w17, [sp, #0x68]
 ;; merged ldr pair
  0x0000000104cb7d78:   ldp		x1, x16, [sp, #0x70]
  0x0000000104cb7d7c:   b		#0x104cb7888
 ;; B54: #	out( B73 B55 ) <- in( B31 )  Freq: 0.000100017
  0x0000000104cb7d80:   str		x1, [sp, #0x78]
  0x0000000104cb7d84:   mov		w29, w17
  0x0000000104cb7d88:   str		w13, [sp, #0x44]
  0x0000000104cb7d8c:   str		d16, [sp, #0x48]
  0x0000000104cb7d90:   str		x14, [sp, #0x50]
  0x0000000104cb7d94:   str		d17, [sp, #0x58]
  0x0000000104cb7d98:   str		d18, [sp, #0x60]
  0x0000000104cb7d9c:   str		w15, [sp, #0x68]
  0x0000000104cb7da0:   str		x0, [sp, #0x70]
  0x0000000104cb7da4:   str		w10, [sp, #0x80]
  0x0000000104cb7da8:   str		x16, [sp, #0x88]
 ;; 0xE000040F88
  0x0000000104cb7dac:   mov		x1, #0xf88          ;   {metadata({type array int})}
  0x0000000104cb7db0:   movk		x1, #4, lsl #16
  0x0000000104cb7db4:   movk		x1, #0xe0, lsl #32
  0x0000000104cb7db8:   mov		w2, w10             ;*invokespecial <init> {reexecute=0 rethrow=0 return_oop=0 return_scalarized=0}
                                                            ; - compiler.valhalla.inlinetypes.MyAbstract::<init>@1 (line 29)
                                                            ; - compiler.valhalla.inlinetypes.MyValue1::<init>@63 (line 65)
                                                            ; - compiler.valhalla.inlinetypes.MyValue1::setC@41 (line 165)
                                                            ; - compiler.valhalla.inlinetypes.MyValue1::createWithFieldsInline@136 (line 108)
                                                            ; - compiler.valhalla.inlinetypes.TestArrays::test5@80 (line 303)
  0x0000000104cb7dbc:   mov		x3, xzr
  0x0000000104cb7dc0:   bl		#0x104b41100        ; ImmutableOopMap {[80]=Oop [112]=Oop }
                                                            ;*newarray {reexecute=0 rethrow=0 return_oop=1 return_scalarized=0}
                                                            ; - compiler.valhalla.inlinetypes.MyValue1::createWithFieldsInline@37 (line 102)
                                                            ; - compiler.valhalla.inlinetypes.TestArrays::test5@80 (line 303)
                                                            ;   {runtime_call new_array_blob (C2 runtime)}
  0x0000000104cb7dc4:   nop		                    ;   {post_call_nop}
  0x0000000104cb7dc8:   movk		xzr, #0xd3c
  0x0000000104cb7dcc:   movk		xzr, #0x900
 ;; B55: #	out( B33 ) <- in( B54 )  Freq: 0.000100015
  0x0000000104cb7dd0:   ldr		d16, [sp, #0x48]
  0x0000000104cb7dd4:   ldr		d17, [sp, #0x58]
  0x0000000104cb7dd8:   ldr		d18, [sp, #0x60]
  0x0000000104cb7ddc:   mov		w17, w29
  0x0000000104cb7de0:   mov		x2, x0
  0x0000000104cb7de4:   b		#0x104cb78f4
 ;; B56: #	out( B69 B57 ) <- in( B33 )  Freq: 0.000100017
  0x0000000104cb7de8:   ldr		w11, [sp, #0x4c]
  0x0000000104cb7dec:   str		d16, [sp, #0x98]
  0x0000000104cb7df0:   str		d17, [sp, #0xa0]
  0x0000000104cb7df4:   str		d18, [sp, #0xa8]    ;*invokespecial <init> {reexecute=0 rethrow=0 return_oop=0 return_scalarized=0}
                                                            ; - compiler.valhalla.inlinetypes.MyAbstract::<init>@1 (line 29)
                                                            ; - compiler.valhalla.inlinetypes.MyValue1::<init>@63 (line 65)
                                                            ; - compiler.valhalla.inlinetypes.MyValue1::setC@41 (line 165)
                                                            ; - compiler.valhalla.inlinetypes.MyValue1::createWithFieldsInline@136 (line 108)
                                                            ; - compiler.valhalla.inlinetypes.TestArrays::test5@80 (line 303)
  0x0000000104cb7df8:   sxtb		w29, w11            ;*i2b {reexecute=0 rethrow=0 return_oop=0 return_scalarized=0}
                                                            ; - compiler.valhalla.inlinetypes.MyValue2::createWithFieldsInline@16 (line 99)
                                                            ; - compiler.valhalla.inlinetypes.MyValue1::createWithFieldsInline@100 (line 106)
                                                            ; - compiler.valhalla.inlinetypes.TestArrays::test5@80 (line 303)
 ;; 0xE0000CC000
  0x0000000104cb7dfc:   mov		x1, #0xc000         ;   {metadata('compiler/valhalla/inlinetypes/MyValue2')}
  0x0000000104cb7e00:   movk		x1, #0xc, lsl #16
  0x0000000104cb7e04:   movk		x1, #0xe0, lsl #32
  0x0000000104cb7e08:   ldr		w2, [sp, #0x44]
  0x0000000104cb7e0c:   bl		#0x104b41280        ; ImmutableOopMap {[80]=Oop [88]=Oop [112]=Oop }
                                                            ;*putfield v4 {reexecute=1 rethrow=0 return_oop=1 return_scalarized=0}
                                                            ; - (reexecute) compiler.valhalla.inlinetypes.MyValue1::<init>@47 (line 74)
                                                            ; - compiler.valhalla.inlinetypes.MyValue1::setV4@41 (line 180)
                                                            ; - compiler.valhalla.inlinetypes.MyValue1::createWithFieldsInline@103 (line 106)
                                                            ; - compiler.valhalla.inlinetypes.TestArrays::test5@80 (line 303)
                                                            ;   {runtime_call new_instance_blob (C2 runtime)}
  0x0000000104cb7e10:   nop		                    ;   {post_call_nop}
  0x0000000104cb7e14:   movk		xzr, #0xd88
  0x0000000104cb7e18:   movk		xzr, #0xa00
 ;; B57: #	out( B35 ) <- in( B56 )  Freq: 0.000100015
  0x0000000104cb7e1c:   ldr		d16, [sp, #0x98]
  0x0000000104cb7e20:   ldr		d17, [sp, #0xa0]
  0x0000000104cb7e24:   ldr		d18, [sp, #0xa8]
  0x0000000104cb7e28:   b		#0x104cb7980
 ;; B58: #	out( B41 ) <- in( B39 )  Freq: 9.99946e-05
  0x0000000104cb7e2c:   mov		w6, wzr
  0x0000000104cb7e30:   b		#0x104cb7b78
 ;; B59: #	out( B72 B60 ) <- in( B2 )  Freq: 9.00149e-05
  0x0000000104cb7e34:   str		w15, [sp, #0x48]
  0x0000000104cb7e38:   str		d16, [sp, #0x50]
  0x0000000104cb7e3c:   str		d17, [sp, #0x58]
  0x0000000104cb7e40:   str		d18, [sp, #0x60]
 ;; 0xE00014F238
  0x0000000104cb7e44:   mov		x1, #0xf238         ;   {metadata('compiler/valhalla/inlinetypes/MyValue1'[])}
  0x0000000104cb7e48:   movk		x1, #0x14, lsl #16
  0x0000000104cb7e4c:   movk		x1, #0xe0, lsl #32  ;*invokespecial <init> {reexecute=0 rethrow=0 return_oop=0 return_scalarized=0}
                                                            ; - compiler.valhalla.inlinetypes.MyAbstract::<init>@1 (line 29)
                                                            ; - compiler.valhalla.inlinetypes.MyValue1::<init>@63 (line 65)
                                                            ; - compiler.valhalla.inlinetypes.MyValue1::setC@41 (line 165)
                                                            ; - compiler.valhalla.inlinetypes.MyValue1::createWithFieldsInline@136 (line 108)
                                                            ; - compiler.valhalla.inlinetypes.TestArrays::test5@80 (line 303)
  0x0000000104cb7e50:   mov		x3, xzr
  0x0000000104cb7e54:   bl		#0x104b41100        ; ImmutableOopMap {}
                                                            ;*invokestatic newNullRestrictedNonAtomicArray {reexecute=0 rethrow=0 return_oop=1 return_scalarized=0}
                                                            ; - compiler.valhalla.inlinetypes.TestArrays::test5@10 (line 296)
                                                            ;   {runtime_call new_array_blob (C2 runtime)}
  0x0000000104cb7e58:   nop		                    ;   {post_call_nop}
  0x0000000104cb7e5c:   movk		xzr, #0xdd0
  0x0000000104cb7e60:   movk		xzr, #0xb00
 ;; B60: #	out( B4 ) <- in( B59 )  Freq: 9.00131e-05
  0x0000000104cb7e64:   ldr		d16, [sp, #0x50]
  0x0000000104cb7e68:   ldr		d17, [sp, #0x58]
  0x0000000104cb7e6c:   ldr		d18, [sp, #0x60]
  0x0000000104cb7e70:   mov		x14, x0
  0x0000000104cb7e74:   b		#0x104cb72f0
 ;; B61: #	out( B71 B62 ) <- in( B25 )  Freq: 1.00017e-05
  0x0000000104cb7e78:   str		d16, [sp, #0x48]
  0x0000000104cb7e7c:   str		d17, [sp, #0x50]
  0x0000000104cb7e80:   str		d18, [sp, #0x58]
 ;; 0xE00014F238
  0x0000000104cb7e84:   mov		x1, #0xf238         ;   {metadata('compiler/valhalla/inlinetypes/MyValue1'[])}
  0x0000000104cb7e88:   movk		x1, #0x14, lsl #16
  0x0000000104cb7e8c:   movk		x1, #0xe0, lsl #32  ;*invokespecial <init> {reexecute=0 rethrow=0 return_oop=0 return_scalarized=0}
                                                            ; - compiler.valhalla.inlinetypes.MyAbstract::<init>@1 (line 29)
                                                            ; - compiler.valhalla.inlinetypes.MyValue1::<init>@63 (line 65)
                                                            ; - compiler.valhalla.inlinetypes.MyValue1::setC@41 (line 165)
                                                            ; - compiler.valhalla.inlinetypes.MyValue1::createWithFieldsInline@136 (line 108)
                                                            ; - compiler.valhalla.inlinetypes.TestArrays::test5@80 (line 303)
  0x0000000104cb7e90:   mov		x3, xzr
  0x0000000104cb7e94:   bl		#0x104b41100        ; ImmutableOopMap {}
                                                            ;*invokestatic newNullRestrictedNonAtomicArray {reexecute=0 rethrow=0 return_oop=1 return_scalarized=0}
                                                            ; - compiler.valhalla.inlinetypes.TestArrays::test5@52 (line 301)
                                                            ;   {runtime_call new_array_blob (C2 runtime)}
  0x0000000104cb7e98:   nop		                    ;   {post_call_nop}
  0x0000000104cb7e9c:   movk		xzr, #0xe10
  0x0000000104cb7ea0:   movk		xzr, #0xc00
 ;; B62: #	out( B27 ) <- in( B61 )  Freq: 1.00015e-05
  0x0000000104cb7ea4:   ldr		d16, [sp, #0x48]
  0x0000000104cb7ea8:   ldr		d17, [sp, #0x50]
  0x0000000104cb7eac:   ldr		d18, [sp, #0x58]
  0x0000000104cb7eb0:   mov		x14, x0
  0x0000000104cb7eb4:   b		#0x104cb7810        ;*invokespecial <init> {reexecute=0 rethrow=0 return_oop=0 return_scalarized=0}
                                                            ; - compiler.valhalla.inlinetypes.MyAbstract::<init>@1 (line 29)
                                                            ; - compiler.valhalla.inlinetypes.MyValue1::<init>@63 (line 65)
                                                            ; - compiler.valhalla.inlinetypes.MyValue1::setC@41 (line 165)
                                                            ; - compiler.valhalla.inlinetypes.MyValue1::createWithFieldsInline@136 (line 108)
                                                            ; - compiler.valhalla.inlinetypes.TestArrays::test5@80 (line 303)
 ;; B63: #	out( B23 ) <- in( B21 )  Freq: 8.99963e-07
  0x0000000104cb7eb8:   add		x10, x27, x21, lsl #3
  0x0000000104cb7ebc:   ldr		w20, [x10, #0x20]
  0x0000000104cb7ec0:   ldr		x23, [x10, #0x18]
  0x0000000104cb7ec4:   ldr		d19, [x10, #0x10]
  0x0000000104cb7ec8:   ldrsb		w16, [x10, #0x24]   ;*invokestatic createWithFieldsDontInline {reexecute=0 rethrow=0 return_oop=0 return_scalarized=0}
                                                            ; - compiler.valhalla.inlinetypes.TestArrays::test5@107 (line 308)
  0x0000000104cb7ecc:   b		#0x104cb76e4        ;*invokespecial <init> {reexecute=0 rethrow=0 return_oop=0 return_scalarized=0}
                                                            ; - compiler.valhalla.inlinetypes.MyAbstract::<init>@1 (line 29)
                                                            ; - compiler.valhalla.inlinetypes.MyValue1::<init>@63 (line 65)
                                                            ; - compiler.valhalla.inlinetypes.MyValue1::setC@41 (line 165)
                                                            ; - compiler.valhalla.inlinetypes.MyValue1::createWithFieldsInline@136 (line 108)
                                                            ; - compiler.valhalla.inlinetypes.TestArrays::test5@80 (line 303)
 ;; B64: #	out( B43 ) <- in( B41 )  Freq: 9.99959e-08
  0x0000000104cb7ed0:   add		x10, x27, x21, lsl #3
  0x0000000104cb7ed4:   ldr		w20, [x10, #0x20]
  0x0000000104cb7ed8:   ldr		x23, [x10, #0x18]
  0x0000000104cb7edc:   ldr		d19, [x10, #0x10]
  0x0000000104cb7ee0:   ldrsb		w16, [x10, #0x24]   ;*invokestatic createWithFieldsDontInline {reexecute=0 rethrow=0 return_oop=0 return_scalarized=0}
                                                            ; - compiler.valhalla.inlinetypes.TestArrays::test5@124 (line 310)
  0x0000000104cb7ee4:   b		#0x104cb7b8c
 ;; B65: #	out( B24 ) <- in( B18 )  Freq: 9.11914e-07
  0x0000000104cb7ee8:   mov		x21, xzr
  0x0000000104cb7eec:   mov		w12, wzr
  0x0000000104cb7ef0:   mov		w20, wzr
  0x0000000104cb7ef4:   mov		w10, wzr
  0x0000000104cb7ef8:   mov		w7, wzr
  0x0000000104cb7efc:   mov		x22, xzr
  0x0000000104cb7f00:   mov		w6, wzr
  0x0000000104cb7f04:   mov		w14, wzr
  0x0000000104cb7f08:   mov		x11, xzr
  0x0000000104cb7f0c:   mov		w16, wzr
  0x0000000104cb7f10:   mov		w15, wzr
  0x0000000104cb7f14:   mov		x13, xzr
  0x0000000104cb7f18:   mov		w0, wzr
  0x0000000104cb7f1c:   mov		w17, wzr
  0x0000000104cb7f20:   mov		x5, xzr
  0x0000000104cb7f24:   mov		w2, wzr
  0x0000000104cb7f28:   mov		w1, wzr
  0x0000000104cb7f2c:   mov		w4, wzr
  0x0000000104cb7f30:   mov		w3, wzr
  0x0000000104cb7f34:   mov		x19, xzr
  0x0000000104cb7f38:   ldr		x8, [sp, #0x48]
  0x0000000104cb7f3c:   str		x8, [sp, #0x60]
  0x0000000104cb7f40:   ldr		x8, [sp, #0x48]
  0x0000000104cb7f44:   str		x8, [sp, #0x58]
  0x0000000104cb7f48:   ldr		x8, [sp, #0x48]
  0x0000000104cb7f4c:   str		x8, [sp, #0x50]
  0x0000000104cb7f50:   str		x21, [sp, #0x70]
 ;; merged str pair
  0x0000000104cb7f54:   stp		w12, w20, [sp, #0x78]
 ;; merged str pair
  0x0000000104cb7f58:   stp		w10, w7, [sp, #0x80]
  0x0000000104cb7f5c:   str		x22, [sp, #0x88]
 ;; merged str pair
  0x0000000104cb7f60:   stp		w6, w14, [sp, #0x90]
  0x0000000104cb7f64:   str		x11, [sp, #0x98]
 ;; merged str pair
  0x0000000104cb7f68:   stp		w16, w15, [sp, #0xa0]
  0x0000000104cb7f6c:   str		x13, [sp, #0xa8]
 ;; merged str pair
  0x0000000104cb7f70:   stp		w0, w17, [sp, #0xb0]
  0x0000000104cb7f74:   str		x5, [sp, #0xb8]
 ;; merged str pair
  0x0000000104cb7f78:   stp		w2, w1, [sp, #0xc0]
 ;; merged str pair
  0x0000000104cb7f7c:   stp		w4, w3, [sp, #0xc8]
  0x0000000104cb7f80:   str		x19, [sp, #0xd0]
  0x0000000104cb7f84:   b		#0x104cb7784
 ;; B66: #	out( B44 ) <- in( B38 )  Freq: 1.01324e-07
  0x0000000104cb7f88:   mov		x21, xzr
  0x0000000104cb7f8c:   mov		w11, wzr
  0x0000000104cb7f90:   mov		w20, wzr
  0x0000000104cb7f94:   mov		w10, wzr
  0x0000000104cb7f98:   mov		w7, wzr
  0x0000000104cb7f9c:   mov		x22, xzr
  0x0000000104cb7fa0:   mov		w6, wzr
  0x0000000104cb7fa4:   mov		w14, wzr
  0x0000000104cb7fa8:   mov		x12, xzr
  0x0000000104cb7fac:   mov		w16, wzr
  0x0000000104cb7fb0:   mov		w15, wzr
  0x0000000104cb7fb4:   mov		x13, xzr
  0x0000000104cb7fb8:   mov		w0, wzr
  0x0000000104cb7fbc:   mov		w17, wzr
  0x0000000104cb7fc0:   mov		x5, xzr
  0x0000000104cb7fc4:   mov		w2, wzr
  0x0000000104cb7fc8:   mov		w1, wzr
  0x0000000104cb7fcc:   mov		w4, wzr
  0x0000000104cb7fd0:   mov		w3, wzr
  0x0000000104cb7fd4:   mov		x19, xzr
  0x0000000104cb7fd8:   ldr		x8, [sp, #0x48]
  0x0000000104cb7fdc:   str		x8, [sp, #0x60]
  0x0000000104cb7fe0:   ldr		x8, [sp, #0x48]
  0x0000000104cb7fe4:   str		x8, [sp, #0x58]
  0x0000000104cb7fe8:   ldr		x8, [sp, #0x48]
  0x0000000104cb7fec:   str		x8, [sp, #0x50]
  0x0000000104cb7ff0:   str		x21, [sp, #0x70]
 ;; merged str pair
  0x0000000104cb7ff4:   stp		w11, w20, [sp, #0x78]
 ;; merged str pair
  0x0000000104cb7ff8:   stp		w10, w7, [sp, #0x80]
  0x0000000104cb7ffc:   str		x22, [sp, #0x88]
 ;; merged str pair
  0x0000000104cb8000:   stp		w6, w14, [sp, #0x90]
  0x0000000104cb8004:   str		x12, [sp, #0x98]
 ;; merged str pair
  0x0000000104cb8008:   stp		w16, w15, [sp, #0xa0]
  0x0000000104cb800c:   str		x13, [sp, #0xa8]
 ;; merged str pair
  0x0000000104cb8010:   stp		w0, w17, [sp, #0xb0]
  0x0000000104cb8014:   str		x5, [sp, #0xb8]
 ;; merged str pair
  0x0000000104cb8018:   stp		w2, w1, [sp, #0xc0]
 ;; merged str pair
  0x0000000104cb801c:   stp		w4, w3, [sp, #0xc8]
  0x0000000104cb8020:   str		x19, [sp, #0xd0]
  0x0000000104cb8024:   b		#0x104cb7c2c
 ;; B67: #	out( N1772 ) <- in( B49 )  Freq: 9.00149e-09
 ;; 0xFFFFFF8F
  0x0000000104cb8028:   mov		w1, #-0x71
  0x0000000104cb802c:   bl		#0x104b40840        ; ImmutableOopMap {[80]=Oop [96]=Oop }
                                                            ;*putfield v4 {reexecute=1 rethrow=0 return_oop=0 return_scalarized=0}
                                                            ; - (reexecute) compiler.valhalla.inlinetypes.MyValue1::<init>@47 (line 74)
                                                            ; - compiler.valhalla.inlinetypes.MyValue1::setV4@41 (line 180)
                                                            ; - compiler.valhalla.inlinetypes.MyValue1::createWithFieldsInline@103 (line 106)
                                                            ; - compiler.valhalla.inlinetypes.TestArrays::test5@32 (line 298)
                                                            ;   {runtime_call UncommonTrapBlob}
  0x0000000104cb8030:   nop		                    ;   {post_call_nop}
  0x0000000104cb8034:   movk		xzr, #0xfa8
  0x0000000104cb8038:   movk		xzr, #0xd00         ;*invokespecial <init> {reexecute=0 rethrow=0 return_oop=0 return_scalarized=0}
                                                            ; - compiler.valhalla.inlinetypes.MyAbstract::<init>@1 (line 29)
                                                            ; - compiler.valhalla.inlinetypes.MyValue1::<init>@63 (line 65)
                                                            ; - compiler.valhalla.inlinetypes.MyValue1::setC@41 (line 165)
                                                            ; - compiler.valhalla.inlinetypes.MyValue1::createWithFieldsInline@136 (line 108)
                                                            ; - compiler.valhalla.inlinetypes.TestArrays::test5@80 (line 303)
 ;; uncommon trap returned which should never happen
 ;; 0x88140B800
  0x0000000104cb803c:   mov		x0, #0xb800         ;   {external_word}
  0x0000000104cb8040:   movk		x0, #0x8140, lsl #16
  0x0000000104cb8044:   movk		x0, #8, lsl #32
  0x0000000104cb8048:   dcps1		#0xdeae
 ;; B68: #	out( N1772 ) <- in( B45 )  Freq: 9.00149e-09
 ;; 0xFFFFFF8F
  0x0000000104cb804c:   mov		w1, #-0x71
  0x0000000104cb8050:   bl		#0x104b40840        ; ImmutableOopMap {[80]=Oop }
                                                            ;*putfield o {reexecute=1 rethrow=0 return_oop=0 return_scalarized=0}
                                                            ; - (reexecute) compiler.valhalla.inlinetypes.MyValue1::<init>@23 (line 70)
                                                            ; - compiler.valhalla.inlinetypes.MyValue1::setO@41 (line 155)
                                                            ; - compiler.valhalla.inlinetypes.MyValue1::createWithFieldsInline@32 (line 101)
                                                            ; - compiler.valhalla.inlinetypes.TestArrays::test5@32 (line 298)
                                                            ;   {runtime_call UncommonTrapBlob}
  0x0000000104cb8054:   nop		                    ;   {post_call_nop}
  0x0000000104cb8058:   movk		xzr, #0xfcc
  0x0000000104cb805c:   movk		xzr, #0xe00         ;*invokespecial <init> {reexecute=0 rethrow=0 return_oop=0 return_scalarized=0}
                                                            ; - compiler.valhalla.inlinetypes.MyAbstract::<init>@1 (line 29)
                                                            ; - compiler.valhalla.inlinetypes.MyValue1::<init>@63 (line 65)
                                                            ; - compiler.valhalla.inlinetypes.MyValue1::setC@41 (line 165)
                                                            ; - compiler.valhalla.inlinetypes.MyValue1::createWithFieldsInline@136 (line 108)
                                                            ; - compiler.valhalla.inlinetypes.TestArrays::test5@80 (line 303)
 ;; uncommon trap returned which should never happen
 ;; 0x88140B800
  0x0000000104cb8060:   mov		x0, #0xb800         ;   {external_word}
  0x0000000104cb8064:   movk		x0, #0x8140, lsl #16
  0x0000000104cb8068:   movk		x0, #8, lsl #32
  0x0000000104cb806c:   dcps1		#0xdeae
 ;; B69: #	out( N1772 ) <- in( B56 )  Freq: 1.00017e-09
 ;; 0xFFFFFF8F
  0x0000000104cb8070:   mov		w1, #-0x71
  0x0000000104cb8074:   bl		#0x104b40840        ; ImmutableOopMap {[80]=Oop [88]=Oop }
                                                            ;*putfield v4 {reexecute=1 rethrow=0 return_oop=0 return_scalarized=0}
                                                            ; - (reexecute) compiler.valhalla.inlinetypes.MyValue1::<init>@47 (line 74)
                                                            ; - compiler.valhalla.inlinetypes.MyValue1::setV4@41 (line 180)
                                                            ; - compiler.valhalla.inlinetypes.MyValue1::createWithFieldsInline@103 (line 106)
                                                            ; - compiler.valhalla.inlinetypes.TestArrays::test5@80 (line 303)
                                                            ;   {runtime_call UncommonTrapBlob}
  0x0000000104cb8078:   nop		                    ;   {post_call_nop}
  0x0000000104cb807c:   movk		xzr, #0xff0
  0x0000000104cb8080:   movk		xzr, #0xf00         ;*invokespecial <init> {reexecute=0 rethrow=0 return_oop=0 return_scalarized=0}
                                                            ; - compiler.valhalla.inlinetypes.MyAbstract::<init>@1 (line 29)
                                                            ; - compiler.valhalla.inlinetypes.MyValue1::<init>@63 (line 65)
                                                            ; - compiler.valhalla.inlinetypes.MyValue1::setC@41 (line 165)
                                                            ; - compiler.valhalla.inlinetypes.MyValue1::createWithFieldsInline@136 (line 108)
                                                            ; - compiler.valhalla.inlinetypes.TestArrays::test5@80 (line 303)
 ;; uncommon trap returned which should never happen
 ;; 0x88140B800
  0x0000000104cb8084:   mov		x0, #0xb800         ;   {external_word}
  0x0000000104cb8088:   movk		x0, #0x8140, lsl #16
  0x0000000104cb808c:   movk		x0, #8, lsl #32
  0x0000000104cb8090:   dcps1		#0xdeae
 ;; B70: #	out( N1772 ) <- in( B52 )  Freq: 1.00017e-09
 ;; 0xFFFFFF8F
  0x0000000104cb8094:   mov		w1, #-0x71
  0x0000000104cb8098:   bl		#0x104b40840        ; ImmutableOopMap {[96]=Oop }
                                                            ;*putfield o {reexecute=1 rethrow=0 return_oop=0 return_scalarized=0}
                                                            ; - (reexecute) compiler.valhalla.inlinetypes.MyValue1::<init>@23 (line 70)
                                                            ; - compiler.valhalla.inlinetypes.MyValue1::setO@41 (line 155)
                                                            ; - compiler.valhalla.inlinetypes.MyValue1::createWithFieldsInline@32 (line 101)
                                                            ; - compiler.valhalla.inlinetypes.TestArrays::test5@80 (line 303)
                                                            ;   {runtime_call UncommonTrapBlob}
  0x0000000104cb809c:   nop		                    ;   {post_call_nop}
  0x0000000104cb80a0:   movk		xzr, #0x1014
  0x0000000104cb80a4:   movk		xzr, #0x1000        ;*invokespecial <init> {reexecute=0 rethrow=0 return_oop=0 return_scalarized=0}
                                                            ; - compiler.valhalla.inlinetypes.MyAbstract::<init>@1 (line 29)
                                                            ; - compiler.valhalla.inlinetypes.MyValue1::<init>@63 (line 65)
                                                            ; - compiler.valhalla.inlinetypes.MyValue1::setC@41 (line 165)
                                                            ; - compiler.valhalla.inlinetypes.MyValue1::createWithFieldsInline@136 (line 108)
                                                            ; - compiler.valhalla.inlinetypes.TestArrays::test5@80 (line 303)
 ;; uncommon trap returned which should never happen
 ;; 0x88140B800
  0x0000000104cb80a8:   mov		x0, #0xb800         ;   {external_word}
  0x0000000104cb80ac:   movk		x0, #0x8140, lsl #16
  0x0000000104cb80b0:   movk		x0, #8, lsl #32
  0x0000000104cb80b4:   dcps1		#0xdeae             ;*invokestatic newNullRestrictedNonAtomicArray {reexecute=0 rethrow=0 return_oop=0 return_scalarized=0}
                                                            ; - compiler.valhalla.inlinetypes.TestArrays::test5@52 (line 301)
 ;; B71: #	out( B78 ) <- in( B61 )  Freq: 1.00017e-10
  0x0000000104cb80b8:   mov		x1, x0
  0x0000000104cb80bc:   b		#0x104cb80ec        ;*invokestatic newNullRestrictedNonAtomicArray {reexecute=0 rethrow=0 return_oop=0 return_scalarized=0}
                                                            ; - compiler.valhalla.inlinetypes.TestArrays::test5@10 (line 296)
 ;; B72: #	out( B78 ) <- in( B59 )  Freq: 9.00149e-10
  0x0000000104cb80c0:   mov		x1, x0
  0x0000000104cb80c4:   b		#0x104cb80ec        ;*newarray {reexecute=0 rethrow=0 return_oop=0 return_scalarized=0}
                                                            ; - compiler.valhalla.inlinetypes.MyValue1::createWithFieldsInline@37 (line 102)
                                                            ; - compiler.valhalla.inlinetypes.TestArrays::test5@80 (line 303)
 ;; B73: #	out( B78 ) <- in( B54 )  Freq: 1.00017e-09
  0x0000000104cb80c8:   mov		x1, x0
  0x0000000104cb80cc:   b		#0x104cb80ec        ;*newarray {reexecute=0 rethrow=0 return_oop=0 return_scalarized=0}
                                                            ; - compiler.valhalla.inlinetypes.MyValue1::createWithFieldsInline@37 (line 102)
                                                            ; - compiler.valhalla.inlinetypes.TestArrays::test5@32 (line 298)
 ;; B74: #	out( B78 ) <- in( B47 )  Freq: 9.00149e-09
  0x0000000104cb80d0:   mov		x1, x0
  0x0000000104cb80d4:   b		#0x104cb80ec        ;*invokestatic createWithFieldsDontInline {reexecute=0 rethrow=0 return_oop=0 return_scalarized=0}
                                                            ; - compiler.valhalla.inlinetypes.TestArrays::test5@124 (line 310)
 ;; B75: #	out( B78 ) <- in( B37 )  Freq: 9.9998e-07
  0x0000000104cb80d8:   mov		x1, x0
  0x0000000104cb80dc:   b		#0x104cb80ec        ;*invokevirtual hashInterpreted {reexecute=0 rethrow=0 return_oop=0 return_scalarized=0}
                                                            ; - compiler.valhalla.inlinetypes.TestArrays::test5@93 (line 306)
 ;; B76: #	out( B78 ) <- in( B15 )  Freq: 1e-05
  0x0000000104cb80e0:   mov		x1, x0
  0x0000000104cb80e4:   b		#0x104cb80ec        ;*invokestatic createWithFieldsDontInline {reexecute=0 rethrow=0 return_oop=0 return_scalarized=0}
                                                            ; - compiler.valhalla.inlinetypes.TestArrays::test5@107 (line 308)
 ;; B77: #	out( B78 ) <- in( B17 )  Freq: 8.99982e-06
  0x0000000104cb80e8:   mov		x1, x0              ;*synchronization entry
                                                            ; - compiler.valhalla.inlinetypes.TestArrays::test5@-1 (line 295)
 ;; B78: #	out( N1772 ) <- in( B72 B74 B71 B73 B76 B77 B75 )  Freq: 2.00108e-05
  0x0000000104cb80ec:   ldp		x29, x30, [sp, #0xf0]
  0x0000000104cb80f0:   add		sp, sp, #0x100
  0x0000000104cb80f4:   adrp		x8, #0x104b3d000    ;   {runtime_call rethrow_blob (C2 runtime)}
  0x0000000104cb80f8:   add		x8, x8, #0xec0
  0x0000000104cb80fc:   br		x8                  ;*invokespecial <init> {reexecute=0 rethrow=0 return_oop=0 return_scalarized=0}
                                                            ; - compiler.valhalla.inlinetypes.MyAbstract::<init>@1 (line 29)
                                                            ; - compiler.valhalla.inlinetypes.MyValue1::<init>@63 (line 65)
                                                            ; - compiler.valhalla.inlinetypes.MyValue1::setC@41 (line 165)
                                                            ; - compiler.valhalla.inlinetypes.MyValue1::createWithFieldsInline@136 (line 108)
                                                            ; - compiler.valhalla.inlinetypes.TestArrays::test5@80 (line 303)
  0x0000000104cb8100:   ldr		w1, [x10]
  0x0000000104cb8104:   cbz		x1, #0x104cb810c
  0x0000000104cb8108:   add		x1, x27, x1, lsl #3
  0x0000000104cb810c:   cbz		x1, #0x104cb74f8
  0x0000000104cb8110:   ldr		x17, [x28, #0x40]
  0x0000000104cb8114:   cbz		x17, #0x104cb812c
  0x0000000104cb8118:   sub		x17, x17, #8
  0x0000000104cb811c:   str		x17, [x28, #0x40]
  0x0000000104cb8120:   ldr		x16, [x28, #0x38]
  0x0000000104cb8124:   str		x1, [x16, x17]
  0x0000000104cb8128:   b		#0x104cb74f8
  0x0000000104cb812c:   stp		x0, x10, [sp, #-0x20]!
  0x0000000104cb8130:   stp		x11, x12, [sp, #0x10]
 ;; push_fp: 3 fp registers
  0x0000000104cb8134:   stp		d16, d17, [sp, #-0x20]!
  0x0000000104cb8138:   str		d18, [sp, #0x10]
  0x0000000104cb813c:   mov		x0, x1
  0x0000000104cb8140:   mov		x1, x28
 ;; 0x108ED3F5C
  0x0000000104cb8144:   mov		x8, #0x3f5c
  0x0000000104cb8148:   movk		x8, #0x8ed, lsl #16
  0x0000000104cb814c:   movk		x8, #1, lsl #32
  0x0000000104cb8150:   blr		x8
 ;; pop_fp: 3 fp registers
  0x0000000104cb8154:   ldr		d18, [sp, #0x10]
  0x0000000104cb8158:   ldp		d16, d17, [sp], #0x20
  0x0000000104cb815c:   ldp		x11, x12, [sp, #0x10]
  0x0000000104cb8160:   ldp		x0, x10, [sp], #0x20
  0x0000000104cb8164:   b		#0x104cb74f8
  0x0000000104cb8168:   ldr		w10, [x11]
  0x0000000104cb816c:   cbz		x10, #0x104cb8174
  0x0000000104cb8170:   add		x10, x27, x10, lsl #3
  0x0000000104cb8174:   cbz		x10, #0x104cb7544
  0x0000000104cb8178:   ldr		x14, [x28, #0x40]
  0x0000000104cb817c:   cbz		x14, #0x104cb8194
  0x0000000104cb8180:   sub		x14, x14, #8
  0x0000000104cb8184:   str		x14, [x28, #0x40]
  0x0000000104cb8188:   ldr		x15, [x28, #0x38]
  0x0000000104cb818c:   str		x10, [x15, x14]
  0x0000000104cb8190:   b		#0x104cb7544
  0x0000000104cb8194:   stp		x11, x12, [sp, #-0x20]!
  0x0000000104cb8198:   stp		x16, xzr, [sp, #0x10]
 ;; push_fp: 3 fp registers
  0x0000000104cb819c:   stp		d16, d17, [sp, #-0x20]!
  0x0000000104cb81a0:   str		d18, [sp, #0x10]
  0x0000000104cb81a4:   mov		x0, x10
  0x0000000104cb81a8:   mov		x1, x28
 ;; 0x108ED3F5C
  0x0000000104cb81ac:   mov		x8, #0x3f5c
  0x0000000104cb81b0:   movk		x8, #0x8ed, lsl #16
  0x0000000104cb81b4:   movk		x8, #1, lsl #32
  0x0000000104cb81b8:   blr		x8
 ;; pop_fp: 3 fp registers
  0x0000000104cb81bc:   ldr		d18, [sp, #0x10]
  0x0000000104cb81c0:   ldp		d16, d17, [sp], #0x20
  0x0000000104cb81c4:   ldp		x16, xzr, [sp, #0x10]
  0x0000000104cb81c8:   ldp		x11, x12, [sp], #0x20
  0x0000000104cb81cc:   b		#0x104cb7544
  0x0000000104cb81d0:   ldr		w11, [x12]
  0x0000000104cb81d4:   cbz		x11, #0x104cb81dc
  0x0000000104cb81d8:   add		x11, x27, x11, lsl #3
  0x0000000104cb81dc:   cbz		x11, #0x104cb7594
  0x0000000104cb81e0:   ldr		x10, [x28, #0x40]
  0x0000000104cb81e4:   cbz		x10, #0x104cb81fc
  0x0000000104cb81e8:   sub		x10, x10, #8
  0x0000000104cb81ec:   str		x10, [x28, #0x40]
  0x0000000104cb81f0:   ldr		x13, [x28, #0x38]
  0x0000000104cb81f4:   str		x11, [x13, x10]
  0x0000000104cb81f8:   b		#0x104cb7594
  0x0000000104cb81fc:   stp		x12, x14, [sp, #-0x10]!
 ;; push_fp: 3 fp registers
  0x0000000104cb8200:   stp		d16, d17, [sp, #-0x20]!
  0x0000000104cb8204:   str		d18, [sp, #0x10]
  0x0000000104cb8208:   mov		x0, x11
  0x0000000104cb820c:   mov		x1, x28
 ;; 0x108ED3F5C
  0x0000000104cb8210:   mov		x8, #0x3f5c
  0x0000000104cb8214:   movk		x8, #0x8ed, lsl #16
  0x0000000104cb8218:   movk		x8, #1, lsl #32
  0x0000000104cb821c:   blr		x8
 ;; pop_fp: 3 fp registers
  0x0000000104cb8220:   ldr		d18, [sp, #0x10]
  0x0000000104cb8224:   ldp		d16, d17, [sp], #0x20
  0x0000000104cb8228:   ldp		x12, x14, [sp], #0x10
  0x0000000104cb822c:   b		#0x104cb7594
  0x0000000104cb8230:   ldr		w11, [x17]
  0x0000000104cb8234:   cbz		x11, #0x104cb823c
  0x0000000104cb8238:   add		x11, x27, x11, lsl #3
  0x0000000104cb823c:   cbz		x11, #0x104cb7a58
  0x0000000104cb8240:   ldr		x14, [x28, #0x40]
  0x0000000104cb8244:   cbz		x14, #0x104cb825c
  0x0000000104cb8248:   sub		x14, x14, #8
  0x0000000104cb824c:   str		x14, [x28, #0x40]
  0x0000000104cb8250:   ldr		x13, [x28, #0x38]
  0x0000000104cb8254:   str		x11, [x13, x14]
  0x0000000104cb8258:   b		#0x104cb7a58
  0x0000000104cb825c:   stp		x0, x1, [sp, #-0x30]!
  0x0000000104cb8260:   stp		x10, x15, [sp, #0x10]
  0x0000000104cb8264:   stp		x16, x17, [sp, #0x20]
 ;; push_fp: 3 fp registers
  0x0000000104cb8268:   stp		d16, d17, [sp, #-0x20]!
  0x0000000104cb826c:   str		d18, [sp, #0x10]
  0x0000000104cb8270:   mov		x0, x11
  0x0000000104cb8274:   mov		x1, x28
 ;; 0x108ED3F5C
  0x0000000104cb8278:   mov		x8, #0x3f5c
  0x0000000104cb827c:   movk		x8, #0x8ed, lsl #16
  0x0000000104cb8280:   movk		x8, #1, lsl #32
  0x0000000104cb8284:   blr		x8
 ;; pop_fp: 3 fp registers
  0x0000000104cb8288:   ldr		d18, [sp, #0x10]
  0x0000000104cb828c:   ldp		d16, d17, [sp], #0x20
  0x0000000104cb8290:   ldp		x10, x15, [sp, #0x10]
  0x0000000104cb8294:   ldp		x16, x17, [sp, #0x20]
  0x0000000104cb8298:   ldp		x0, x1, [sp], #0x30
  0x0000000104cb829c:   b		#0x104cb7a58
  0x0000000104cb82a0:   ldr		w10, [x16]
  0x0000000104cb82a4:   cbz		x10, #0x104cb82ac
  0x0000000104cb82a8:   add		x10, x27, x10, lsl #3
  0x0000000104cb82ac:   cbz		x10, #0x104cb7aa4
  0x0000000104cb82b0:   ldr		x11, [x28, #0x40]
  0x0000000104cb82b4:   cbz		x11, #0x104cb82cc
  0x0000000104cb82b8:   sub		x11, x11, #8
  0x0000000104cb82bc:   str		x11, [x28, #0x40]
  0x0000000104cb82c0:   ldr		x12, [x28, #0x38]
  0x0000000104cb82c4:   str		x10, [x12, x11]
  0x0000000104cb82c8:   b		#0x104cb7aa4
  0x0000000104cb82cc:   stp		x0, x15, [sp, #-0x20]!
  0x0000000104cb82d0:   stp		x16, xzr, [sp, #0x10]
 ;; push_fp: 3 fp registers
  0x0000000104cb82d4:   stp		d16, d17, [sp, #-0x20]!
  0x0000000104cb82d8:   str		d18, [sp, #0x10]
  0x0000000104cb82dc:   mov		x0, x10
  0x0000000104cb82e0:   mov		x1, x28
 ;; 0x108ED3F5C
  0x0000000104cb82e4:   mov		x8, #0x3f5c
  0x0000000104cb82e8:   movk		x8, #0x8ed, lsl #16
  0x0000000104cb82ec:   movk		x8, #1, lsl #32
  0x0000000104cb82f0:   blr		x8
 ;; pop_fp: 3 fp registers
  0x0000000104cb82f4:   ldr		d18, [sp, #0x10]
  0x0000000104cb82f8:   ldp		d16, d17, [sp], #0x20
  0x0000000104cb82fc:   ldp		x16, xzr, [sp, #0x10]
  0x0000000104cb8300:   ldp		x0, x15, [sp], #0x20
  0x0000000104cb8304:   b		#0x104cb7aa4
  0x0000000104cb8308:   ldr		w11, [x15]
  0x0000000104cb830c:   cbz		x11, #0x104cb8314
  0x0000000104cb8310:   add		x11, x27, x11, lsl #3
  0x0000000104cb8314:   cbz		x11, #0x104cb7af0
  0x0000000104cb8318:   ldr		x10, [x28, #0x40]
  0x0000000104cb831c:   cbz		x10, #0x104cb8334
  0x0000000104cb8320:   sub		x10, x10, #8
  0x0000000104cb8324:   str		x10, [x28, #0x40]
  0x0000000104cb8328:   ldr		x12, [x28, #0x38]
  0x0000000104cb832c:   str		x11, [x12, x10]
  0x0000000104cb8330:   b		#0x104cb7af0
  0x0000000104cb8334:   stp		x13, x15, [sp, #-0x10]!
 ;; push_fp: 3 fp registers
  0x0000000104cb8338:   stp		d16, d17, [sp, #-0x20]!
  0x0000000104cb833c:   str		d18, [sp, #0x10]
  0x0000000104cb8340:   mov		x0, x11
  0x0000000104cb8344:   mov		x1, x28
 ;; 0x108ED3F5C
  0x0000000104cb8348:   mov		x8, #0x3f5c
  0x0000000104cb834c:   movk		x8, #0x8ed, lsl #16
  0x0000000104cb8350:   movk		x8, #1, lsl #32
  0x0000000104cb8354:   blr		x8
 ;; pop_fp: 3 fp registers
  0x0000000104cb8358:   ldr		d18, [sp, #0x10]
  0x0000000104cb835c:   ldp		d16, d17, [sp], #0x20
  0x0000000104cb8360:   ldp		x13, x15, [sp], #0x10
  0x0000000104cb8364:   b		#0x104cb7af0
 ;; 0x104BAB780
  0x0000000104cb8368:   mov		x8, #0xb780         ;   {runtime_call Stub::method_entry_barrier_stub (stub gen)}
  0x0000000104cb836c:   movk		x8, #0x4ba, lsl #16
  0x0000000104cb8370:   movk		x8, #1, lsl #32
  0x0000000104cb8374:   blr		x8
  0x0000000104cb8378:   b		#0x104cb725c
  0x0000000104cb837c:   udf		#1                  ;   {entry_guard}
[Stub Code]
  0x0000000104cb8380:   ldr		x8, #0x104cb8388    ;   {trampoline_stub}
  0x0000000104cb8384:   br		x8
  0x0000000104cb8388:   .byte		0xc0, 0xdc, 0xbc, 0x04
  0x0000000104cb838c:   udf		#1
  0x0000000104cb8390:   ldr		x8, #0x104cb8398    ;   {trampoline_stub}
  0x0000000104cb8394:   br		x8
  0x0000000104cb8398:   incw		x0, vl32, mul #0xd
  0x0000000104cb839c:   udf		#1
  0x0000000104cb83a0:   ldr		x8, #0x104cb83a8    ;   {trampoline_stub}
  0x0000000104cb83a4:   br		x8
  0x0000000104cb83a8:   incw		x0, vl32, mul #0xd
  0x0000000104cb83ac:   udf		#1
  0x0000000104cb83b0:   isb		                    ;   {static_stub}
  0x0000000104cb83b4:   mov		x12, #0             ;   {metadata(nullptr)}
  0x0000000104cb83b8:   movk		x12, #0, lsl #16
  0x0000000104cb83bc:   movk		x12, #0, lsl #32
  0x0000000104cb83c0:   mov		x8, #0
  0x0000000104cb83c4:   movk		x8, #0, lsl #16
  0x0000000104cb83c8:   movk		x8, #0, lsl #32
  0x0000000104cb83cc:   br		x8
  0x0000000104cb83d0:   isb		                    ;   {static_stub}
  0x0000000104cb83d4:   mov		x12, #0             ;   {metadata(nullptr)}
  0x0000000104cb83d8:   movk		x12, #0, lsl #16
  0x0000000104cb83dc:   movk		x12, #0, lsl #32
  0x0000000104cb83e0:   mov		x8, #0
  0x0000000104cb83e4:   movk		x8, #0, lsl #16
  0x0000000104cb83e8:   movk		x8, #0, lsl #32
  0x0000000104cb83ec:   br		x8
  0x0000000104cb83f0:   ldr		x8, #0x104cb83f8    ;   {trampoline_stub}
  0x0000000104cb83f4:   br		x8
  0x0000000104cb83f8:   lsl		z0.s, z30.s, z26.d
  0x0000000104cb83fc:   udf		#1
  0x0000000104cb8400:   ldr		x8, #0x104cb8408    ;   {trampoline_stub}
  0x0000000104cb8404:   br		x8
  0x0000000104cb8408:   .byte		0x40, 0x08, 0xb4, 0x04
  0x0000000104cb840c:   udf		#1
  0x0000000104cb8410:   ldr		x8, #0x104cb8418    ;   {trampoline_stub}
  0x0000000104cb8414:   br		x8
  0x0000000104cb8418:   sqadd		z0.s, z20.s, z20.s
  0x0000000104cb841c:   udf		#1
  0x0000000104cb8420:   ldr		x8, #0x104cb8428    ;   {trampoline_stub}
  0x0000000104cb8424:   br		x8
  0x0000000104cb8428:   sqadd		z0.s, z8.s, z20.s
  0x0000000104cb842c:   udf		#1
  0x0000000104cb8430:   adrp		x8, #0x104bcf000    ;   {runtime_call DeoptimizationBlob}
  0x0000000104cb8434:   add		x8, x8, #0x640
  0x0000000104cb8438:   blr		x8
[Deopt Handler Entry Point]
  0x0000000104cb843c:   b		#0x104cb8430
--------------------------------------------------------------------------------
[/Disassembly]
#+end_src

SIGSEV:
#+begin_src bash
 thread #3, stop reason = signal SIGSEGV
    frame #0: 0x0000000104c8544c
->  0x104c8544c: ldr    w11, [x9, #0x10]
    0x104c85450: cbz    x11, 0x104c85458
    0x104c85454: add    x11, x27, x11, lsl #3
    0x104c85458: str    w2, [x11, #0x6c]
#+end_src

To replicate on lldb, printing only test5:
#+begin_src bash
(lldb) settings set -- target.run-args -DReproduce=true -cp /Users/g/src/jdk-buffer-lost/JTwork/classes/compiler/valhalla/inlinetypes/TestArrays_id0.d:/Users/g/src/jdk-buffer-lost/test/hotspot/jtreg/compiler/valhalla/inlinetypes:/Users/g/src/jdk-buffer-lost/JTwork/classes/compiler/valhalla/inlinetypes/TestArrays_id0.d/test/lib:/Users/g/src/jdk-buffer-lost/test/lib:/Users/g/src/jdk-buffer-lost/test/hotspot/jtreg:/Users/g/opt/jtreg/build/images/jtreg/lib/javatest.jar:/Users/g/opt/jtreg/build/images/jtreg/lib/jtreg.jar -Djava.library.path=. -Xbootclasspath/a:. -XX:+UnlockDiagnosticVMOptions -XX:+WhiteBoxAPI -DVerbose=true -Dir.framework.server.port=62696 --enable-preview --add-exports java.base/jdk.internal.value=ALL-UNNAMED --add-exports java.base/jdk.internal.vm.annotation=ALL-UNNAMED --add-exports java.base/jdk.internal.misc=ALL-UNNAMED -XX:+IgnoreUnrecognizedVMOptions -XX:-UseACmpProfile -XX:+AlwaysIncrementalInline -XX:FlatArrayElementMaxOops=5 -XX:+UseArrayFlattening -XX:-UseArrayLoadStoreProfile -XX:+UseFieldFlattening -XX:+InlineTypePassFieldsAsArgs -XX:+InlineTypeReturnedAsFields -XX:-BackgroundCompilation -XX:CompileCommand=quiet -XX:CompileCommand=print,compiler.valhalla.inlinetypes.TestArrays::test5 -XX:-TieredCompilation -DWarmup=251 compiler.lib.ir_framework.test.TestVM compiler.valhalla.inlinetypes.TestArrays compiler.valhalla.inlinetypes.MyValue1 compiler.valhalla.inlinetypes.MyValue2Inline compiler.valhalla.inlinetypes.MyValue2
#+end_src

To replicate on lldb, with PrintNMethods:
#+begin_src bash
(lldb) settings set -- target.run-args -DReproduce=true -cp /Users/g/src/jdk-buffer-lost/JTwork/classes/compiler/valhalla/inlinetypes/TestArrays_id0.d:/Users/g/src/jdk-buffer-lost/test/hotspot/jtreg/compiler/valhalla/inlinetypes:/Users/g/src/jdk-buffer-lost/JTwork/classes/compiler/valhalla/inlinetypes/TestArrays_id0.d/test/lib:/Users/g/src/jdk-buffer-lost/test/lib:/Users/g/src/jdk-buffer-lost/test/hotspot/jtreg:/Users/g/opt/jtreg/build/images/jtreg/lib/javatest.jar:/Users/g/opt/jtreg/build/images/jtreg/lib/jtreg.jar -Djava.library.path=. -Xbootclasspath/a:. -XX:+UnlockDiagnosticVMOptions -XX:+WhiteBoxAPI -DVerbose=true -Dir.framework.server.port=62696 --enable-preview --add-exports java.base/jdk.internal.value=ALL-UNNAMED --add-exports java.base/jdk.internal.vm.annotation=ALL-UNNAMED --add-exports java.base/jdk.internal.misc=ALL-UNNAMED -XX:+IgnoreUnrecognizedVMOptions -XX:-UseACmpProfile -XX:+AlwaysIncrementalInline -XX:FlatArrayElementMaxOops=5 -XX:+UseArrayFlattening -XX:-UseArrayLoadStoreProfile -XX:+UseFieldFlattening -XX:+InlineTypePassFieldsAsArgs -XX:+InlineTypeReturnedAsFields -XX:-BackgroundCompilation -XX:CompileCommand=quiet -XX:+PrintNMethods -XX:-TieredCompilation -DWarmup=251 compiler.lib.ir_framework.test.TestVM compiler.valhalla.inlinetypes.TestArrays compiler.valhalla.inlinetypes.MyValue1 compiler.valhalla.inlinetypes.MyValue2Inline compiler.valhalla.inlinetypes.MyValue2
#+end_src
